2025-11-30T19:58:02.373-03:00  INFO 11312 --- [restartedMain] com.site.AcrediteSeQuiserApplication     : Starting AcrediteSeQuiserApplication using Java 24.0.2 with PID 11312 (C:\Users\Suporte\IdeaProjects\acreditesequiser3\target\classes started by Célio in C:\Users\Suporte\IdeaProjects\acreditesequiser3)
2025-11-30T19:58:02.383-03:00  INFO 11312 --- [restartedMain] com.site.AcrediteSeQuiserApplication     : No active profile set, falling back to 1 default profile: "default"
2025-11-30T19:58:04.087-03:00  INFO 11312 --- [restartedMain] o.apache.catalina.core.StandardService   : Starting service [Tomcat]
2025-11-30T19:58:04.087-03:00  INFO 11312 --- [restartedMain] o.apache.catalina.core.StandardEngine    : Starting Servlet engine: [Apache Tomcat/10.1.20]
2025-11-30T19:58:04.147-03:00  INFO 11312 --- [restartedMain] o.a.c.c.C.[Tomcat].[localhost].[/]       : Initializing Spring embedded WebApplicationContext
2025-11-30T19:58:04.685-03:00  INFO 11312 --- [restartedMain] com.zaxxer.hikari.HikariDataSource       : HikariPool-1 - Starting...
2025-11-30T19:58:04.809-03:00  INFO 11312 --- [restartedMain] com.zaxxer.hikari.pool.HikariPool        : HikariPool-1 - Added connection com.mysql.cj.jdbc.ConnectionImpl@751e49d0
2025-11-30T19:58:04.811-03:00  INFO 11312 --- [restartedMain] com.zaxxer.hikari.HikariDataSource       : HikariPool-1 - Start completed.
2025-11-30T19:58:04.853-03:00  WARN 11312 --- [restartedMain] org.hibernate.orm.deprecation            : HHH90000025: MySQLDialect does not need to be specified explicitly using 'hibernate.dialect' (remove the property setting and it will be selected by default)
2025-11-30T19:58:06.170-03:00  WARN 11312 --- [restartedMain] JpaBaseConfiguration$JpaWebConfiguration : spring.jpa.open-in-view is enabled by default. Therefore, database queries may be performed during view rendering. Explicitly configure spring.jpa.open-in-view to disable this warning
2025-11-30T19:58:06.891-03:00  INFO 11312 --- [restartedMain] com.site.AcrediteSeQuiserApplication     : Started AcrediteSeQuiserApplication in 5.001 seconds (process running for 5.844)
2025-11-30T19:58:12.095-03:00  INFO 11312 --- [http-nio-8080-exec-1] o.a.c.c.C.[Tomcat].[localhost].[/]       : Initializing Spring DispatcherServlet 'dispatcherServlet'
2025-11-30T20:07:29.079-03:00  INFO 11312 --- [SpringApplicationShutdownHook] com.zaxxer.hikari.HikariDataSource       : HikariPool-1 - Shutdown initiated...
2025-11-30T20:07:29.093-03:00  INFO 11312 --- [SpringApplicationShutdownHook] com.zaxxer.hikari.HikariDataSource       : HikariPool-1 - Shutdown completed.
2025-11-30T20:07:35.371-03:00  INFO 26236 --- [restartedMain] com.site.AcrediteSeQuiserApplication     : Starting AcrediteSeQuiserApplication using Java 24.0.2 with PID 26236 (C:\Users\Suporte\IdeaProjects\acreditesequiser3\target\classes started by Célio in C:\Users\Suporte\IdeaProjects\acreditesequiser3)
2025-11-30T20:07:35.374-03:00  INFO 26236 --- [restartedMain] com.site.AcrediteSeQuiserApplication     : No active profile set, falling back to 1 default profile: "default"
2025-11-30T20:07:37.475-03:00  INFO 26236 --- [restartedMain] o.apache.catalina.core.StandardService   : Starting service [Tomcat]
2025-11-30T20:07:37.475-03:00  INFO 26236 --- [restartedMain] o.apache.catalina.core.StandardEngine    : Starting Servlet engine: [Apache Tomcat/10.1.20]
2025-11-30T20:07:37.535-03:00  INFO 26236 --- [restartedMain] o.a.c.c.C.[Tomcat].[localhost].[/]       : Initializing Spring embedded WebApplicationContext
2025-11-30T20:07:38.006-03:00  INFO 26236 --- [restartedMain] com.zaxxer.hikari.HikariDataSource       : HikariPool-1 - Starting...
2025-11-30T20:07:38.118-03:00  INFO 26236 --- [restartedMain] com.zaxxer.hikari.pool.HikariPool        : HikariPool-1 - Added connection com.mysql.cj.jdbc.ConnectionImpl@4a2672c4
2025-11-30T20:07:38.119-03:00  INFO 26236 --- [restartedMain] com.zaxxer.hikari.HikariDataSource       : HikariPool-1 - Start completed.
2025-11-30T20:07:38.154-03:00  WARN 26236 --- [restartedMain] org.hibernate.orm.deprecation            : HHH90000025: MySQLDialect does not need to be specified explicitly using 'hibernate.dialect' (remove the property setting and it will be selected by default)
2025-11-30T20:07:39.364-03:00  WARN 26236 --- [restartedMain] JpaBaseConfiguration$JpaWebConfiguration : spring.jpa.open-in-view is enabled by default. Therefore, database queries may be performed during view rendering. Explicitly configure spring.jpa.open-in-view to disable this warning
2025-11-30T20:07:39.986-03:00  INFO 26236 --- [restartedMain] com.site.AcrediteSeQuiserApplication     : Started AcrediteSeQuiserApplication in 5.119 seconds (process running for 6.098)
2025-11-30T20:07:49.997-03:00  INFO 26236 --- [Thread-5] com.zaxxer.hikari.HikariDataSource       : HikariPool-1 - Shutdown initiated...
2025-11-30T20:07:50.020-03:00  INFO 26236 --- [Thread-5] com.zaxxer.hikari.HikariDataSource       : HikariPool-1 - Shutdown completed.
2025-11-30T20:07:50.144-03:00  INFO 26236 --- [restartedMain] com.site.AcrediteSeQuiserApplication     : Starting AcrediteSeQuiserApplication using Java 24.0.2 with PID 26236 (C:\Users\Suporte\IdeaProjects\acreditesequiser3\target\classes started by Célio in C:\Users\Suporte\IdeaProjects\acreditesequiser3)
2025-11-30T20:07:50.145-03:00  INFO 26236 --- [restartedMain] com.site.AcrediteSeQuiserApplication     : No active profile set, falling back to 1 default profile: "default"
2025-11-30T20:07:50.738-03:00  INFO 26236 --- [restartedMain] o.apache.catalina.core.StandardService   : Starting service [Tomcat]
2025-11-30T20:07:50.739-03:00  INFO 26236 --- [restartedMain] o.apache.catalina.core.StandardEngine    : Starting Servlet engine: [Apache Tomcat/10.1.20]
2025-11-30T20:07:50.818-03:00  INFO 26236 --- [restartedMain] o.a.c.c.C.[Tomcat].[localhost].[/]       : Initializing Spring embedded WebApplicationContext
2025-11-30T20:07:50.934-03:00  INFO 26236 --- [restartedMain] com.zaxxer.hikari.HikariDataSource       : HikariPool-2 - Starting...
2025-11-30T20:07:50.942-03:00  INFO 26236 --- [restartedMain] com.zaxxer.hikari.pool.HikariPool        : HikariPool-2 - Added connection com.mysql.cj.jdbc.ConnectionImpl@41a683f6
2025-11-30T20:07:50.942-03:00  INFO 26236 --- [restartedMain] com.zaxxer.hikari.HikariDataSource       : HikariPool-2 - Start completed.
2025-11-30T20:07:50.944-03:00  WARN 26236 --- [restartedMain] org.hibernate.orm.deprecation            : HHH90000025: MySQLDialect does not need to be specified explicitly using 'hibernate.dialect' (remove the property setting and it will be selected by default)
2025-11-30T20:07:51.141-03:00  WARN 26236 --- [restartedMain] JpaBaseConfiguration$JpaWebConfiguration : spring.jpa.open-in-view is enabled by default. Therefore, database queries may be performed during view rendering. Explicitly configure spring.jpa.open-in-view to disable this warning
2025-11-30T20:07:51.377-03:00  INFO 26236 --- [restartedMain] com.site.AcrediteSeQuiserApplication     : Started AcrediteSeQuiserApplication in 1.281 seconds (process running for 17.489)
2025-11-30T20:07:52.817-03:00  INFO 26236 --- [Thread-7] com.zaxxer.hikari.HikariDataSource       : HikariPool-2 - Shutdown initiated...
2025-11-30T20:07:52.826-03:00  INFO 26236 --- [Thread-7] com.zaxxer.hikari.HikariDataSource       : HikariPool-2 - Shutdown completed.
2025-11-30T20:07:52.919-03:00  INFO 26236 --- [restartedMain] com.site.AcrediteSeQuiserApplication     : Starting AcrediteSeQuiserApplication using Java 24.0.2 with PID 26236 (C:\Users\Suporte\IdeaProjects\acreditesequiser3\target\classes started by Célio in C:\Users\Suporte\IdeaProjects\acreditesequiser3)
2025-11-30T20:07:52.921-03:00  INFO 26236 --- [restartedMain] com.site.AcrediteSeQuiserApplication     : No active profile set, falling back to 1 default profile: "default"
2025-11-30T20:07:53.148-03:00  INFO 26236 --- [restartedMain] o.apache.catalina.core.StandardService   : Starting service [Tomcat]
2025-11-30T20:07:53.149-03:00  INFO 26236 --- [restartedMain] o.apache.catalina.core.StandardEngine    : Starting Servlet engine: [Apache Tomcat/10.1.20]
2025-11-30T20:07:53.176-03:00  INFO 26236 --- [restartedMain] o.a.c.c.C.[Tomcat].[localhost].[/]       : Initializing Spring embedded WebApplicationContext
2025-11-30T20:07:53.205-03:00  INFO 26236 --- [restartedMain] com.zaxxer.hikari.HikariDataSource       : HikariPool-3 - Starting...
2025-11-30T20:07:53.208-03:00  INFO 26236 --- [restartedMain] com.zaxxer.hikari.pool.HikariPool        : HikariPool-3 - Added connection com.mysql.cj.jdbc.ConnectionImpl@36678dfb
2025-11-30T20:07:53.208-03:00  INFO 26236 --- [restartedMain] com.zaxxer.hikari.HikariDataSource       : HikariPool-3 - Start completed.
2025-11-30T20:07:53.209-03:00  WARN 26236 --- [restartedMain] org.hibernate.orm.deprecation            : HHH90000025: MySQLDialect does not need to be specified explicitly using 'hibernate.dialect' (remove the property setting and it will be selected by default)
2025-11-30T20:07:53.359-03:00  WARN 26236 --- [restartedMain] JpaBaseConfiguration$JpaWebConfiguration : spring.jpa.open-in-view is enabled by default. Therefore, database queries may be performed during view rendering. Explicitly configure spring.jpa.open-in-view to disable this warning
2025-11-30T20:07:53.441-03:00  INFO 26236 --- [restartedMain] com.site.AcrediteSeQuiserApplication     : Started AcrediteSeQuiserApplication in 0.554 seconds (process running for 19.553)
2025-12-01T08:45:55.629-03:00  INFO 20556 --- [restartedMain] com.site.AcrediteSeQuiserApplication     : Starting AcrediteSeQuiserApplication using Java 24.0.1 with PID 20556 (C:\Users\celiors\IdeaProjects\acreditesequiser2\target\classes started by celiors in C:\Users\celiors\IdeaProjects\acreditesequiser2)
2025-12-01T08:45:55.632-03:00  INFO 20556 --- [restartedMain] com.site.AcrediteSeQuiserApplication     : No active profile set, falling back to 1 default profile: "default"
2025-12-01T08:45:56.082-03:00  INFO 39972 --- [restartedMain] com.site.AcrediteSeQuiserApplication     : Starting AcrediteSeQuiserApplication using Java 24.0.1 with PID 39972 (C:\Users\celiors\IdeaProjects\acreditesequiser2\target\classes started by celiors in C:\Users\celiors\IdeaProjects\acreditesequiser2)
2025-12-01T08:45:56.084-03:00  INFO 39972 --- [restartedMain] com.site.AcrediteSeQuiserApplication     : No active profile set, falling back to 1 default profile: "default"
2025-12-01T08:45:57.895-03:00  INFO 44760 --- [restartedMain] com.site.AcrediteSeQuiserApplication     : Starting AcrediteSeQuiserApplication using Java 24.0.1 with PID 44760 (C:\Users\celiors\IdeaProjects\acreditesequiser2\target\classes started by celiors in C:\Users\celiors\IdeaProjects\acreditesequiser2)
2025-12-01T08:45:57.897-03:00  INFO 44760 --- [restartedMain] com.site.AcrediteSeQuiserApplication     : No active profile set, falling back to 1 default profile: "default"
2025-12-01T08:45:58.088-03:00  INFO 20556 --- [restartedMain] o.apache.catalina.core.StandardService   : Starting service [Tomcat]
2025-12-01T08:45:58.089-03:00  INFO 20556 --- [restartedMain] o.apache.catalina.core.StandardEngine    : Starting Servlet engine: [Apache Tomcat/10.1.20]
2025-12-01T08:45:58.199-03:00  INFO 20556 --- [restartedMain] o.a.c.c.C.[Tomcat].[localhost].[/]       : Initializing Spring embedded WebApplicationContext
2025-12-01T08:45:58.475-03:00  INFO 39972 --- [restartedMain] o.apache.catalina.core.StandardService   : Starting service [Tomcat]
2025-12-01T08:45:58.476-03:00  INFO 39972 --- [restartedMain] o.apache.catalina.core.StandardEngine    : Starting Servlet engine: [Apache Tomcat/10.1.20]
2025-12-01T08:45:58.573-03:00  INFO 39972 --- [restartedMain] o.a.c.c.C.[Tomcat].[localhost].[/]       : Initializing Spring embedded WebApplicationContext
2025-12-01T08:45:59.226-03:00  INFO 20556 --- [restartedMain] com.zaxxer.hikari.HikariDataSource       : HikariPool-1 - Starting...
2025-12-01T08:45:59.345-03:00  INFO 39972 --- [restartedMain] com.zaxxer.hikari.HikariDataSource       : HikariPool-1 - Starting...
2025-12-01T08:45:59.573-03:00  INFO 20556 --- [restartedMain] com.zaxxer.hikari.pool.HikariPool        : HikariPool-1 - Added connection com.mysql.cj.jdbc.ConnectionImpl@6e66ccba
2025-12-01T08:45:59.575-03:00  INFO 39972 --- [restartedMain] com.zaxxer.hikari.pool.HikariPool        : HikariPool-1 - Added connection com.mysql.cj.jdbc.ConnectionImpl@56ce4a19
2025-12-01T08:45:59.575-03:00  INFO 20556 --- [restartedMain] com.zaxxer.hikari.HikariDataSource       : HikariPool-1 - Start completed.
2025-12-01T08:45:59.577-03:00  INFO 39972 --- [restartedMain] com.zaxxer.hikari.HikariDataSource       : HikariPool-1 - Start completed.
2025-12-01T08:45:59.678-03:00  WARN 39972 --- [restartedMain] org.hibernate.orm.deprecation            : HHH90000025: MySQLDialect does not need to be specified explicitly using 'hibernate.dialect' (remove the property setting and it will be selected by default)
2025-12-01T08:45:59.679-03:00  WARN 20556 --- [restartedMain] org.hibernate.orm.deprecation            : HHH90000025: MySQLDialect does not need to be specified explicitly using 'hibernate.dialect' (remove the property setting and it will be selected by default)
2025-12-01T08:45:59.887-03:00  INFO 33212 --- [restartedMain] com.site.AcrediteSeQuiserApplication     : Starting AcrediteSeQuiserApplication using Java 24.0.1 with PID 33212 (C:\Users\celiors\IdeaProjects\acreditesequiser2\target\classes started by celiors in C:\Users\celiors\IdeaProjects\acreditesequiser2)
2025-12-01T08:45:59.890-03:00  INFO 33212 --- [restartedMain] com.site.AcrediteSeQuiserApplication     : No active profile set, falling back to 1 default profile: "default"
2025-12-01T08:46:00.295-03:00  INFO 44760 --- [restartedMain] o.apache.catalina.core.StandardService   : Starting service [Tomcat]
2025-12-01T08:46:00.295-03:00  INFO 44760 --- [restartedMain] o.apache.catalina.core.StandardEngine    : Starting Servlet engine: [Apache Tomcat/10.1.20]
2025-12-01T08:46:00.366-03:00  INFO 44760 --- [restartedMain] o.a.c.c.C.[Tomcat].[localhost].[/]       : Initializing Spring embedded WebApplicationContext
2025-12-01T08:46:01.392-03:00  INFO 44760 --- [restartedMain] com.zaxxer.hikari.HikariDataSource       : HikariPool-1 - Starting...
2025-12-01T08:46:01.667-03:00  INFO 44760 --- [restartedMain] com.zaxxer.hikari.pool.HikariPool        : HikariPool-1 - Added connection com.mysql.cj.jdbc.ConnectionImpl@ae66b60
2025-12-01T08:46:01.670-03:00  INFO 44760 --- [restartedMain] com.zaxxer.hikari.HikariDataSource       : HikariPool-1 - Start completed.
2025-12-01T08:46:01.748-03:00  WARN 44760 --- [restartedMain] org.hibernate.orm.deprecation            : HHH90000025: MySQLDialect does not need to be specified explicitly using 'hibernate.dialect' (remove the property setting and it will be selected by default)
2025-12-01T08:46:02.238-03:00  WARN 39972 --- [restartedMain] JpaBaseConfiguration$JpaWebConfiguration : spring.jpa.open-in-view is enabled by default. Therefore, database queries may be performed during view rendering. Explicitly configure spring.jpa.open-in-view to disable this warning
2025-12-01T08:46:02.249-03:00  WARN 20556 --- [restartedMain] JpaBaseConfiguration$JpaWebConfiguration : spring.jpa.open-in-view is enabled by default. Therefore, database queries may be performed during view rendering. Explicitly configure spring.jpa.open-in-view to disable this warning
2025-12-01T08:46:02.290-03:00  INFO 17612 --- [restartedMain] com.site.AcrediteSeQuiserApplication     : Starting AcrediteSeQuiserApplication using Java 24.0.1 with PID 17612 (C:\Users\celiors\IdeaProjects\acreditesequiser2\target\classes started by celiors in C:\Users\celiors\IdeaProjects\acreditesequiser2)
2025-12-01T08:46:02.292-03:00  INFO 17612 --- [restartedMain] com.site.AcrediteSeQuiserApplication     : No active profile set, falling back to 1 default profile: "default"
2025-12-01T08:46:02.811-03:00  INFO 33212 --- [restartedMain] o.apache.catalina.core.StandardService   : Starting service [Tomcat]
2025-12-01T08:46:02.812-03:00  INFO 33212 --- [restartedMain] o.apache.catalina.core.StandardEngine    : Starting Servlet engine: [Apache Tomcat/10.1.20]
2025-12-01T08:46:02.908-03:00  INFO 33212 --- [restartedMain] o.a.c.c.C.[Tomcat].[localhost].[/]       : Initializing Spring embedded WebApplicationContext
2025-12-01T08:46:03.444-03:00  WARN 20556 --- [restartedMain] o.s.b.d.a.OptionalLiveReloadServer       : Unable to start LiveReload server
2025-12-01T08:46:03.466-03:00  INFO 39972 --- [restartedMain] com.site.AcrediteSeQuiserApplication     : Started AcrediteSeQuiserApplication in 7.821 seconds (process running for 8.326)
2025-12-01T08:46:03.484-03:00  WARN 20556 --- [restartedMain] ConfigServletWebServerApplicationContext : Exception encountered during context initialization - cancelling refresh attempt: org.springframework.context.ApplicationContextException: Failed to start bean 'webServerStartStop'
2025-12-01T08:46:03.492-03:00  INFO 20556 --- [restartedMain] com.zaxxer.hikari.HikariDataSource       : HikariPool-1 - Shutdown initiated...
2025-12-01T08:46:03.499-03:00  INFO 20556 --- [restartedMain] com.zaxxer.hikari.HikariDataSource       : HikariPool-1 - Shutdown completed.
2025-12-01T08:46:03.553-03:00 ERROR 20556 --- [restartedMain] o.s.b.d.LoggingFailureAnalysisReporter   : 

***************************
APPLICATION FAILED TO START
***************************

Description:

Web server failed to start. Port 8080 was already in use.

Action:

Identify and stop the process that's listening on port 8080 or configure this application to listen on another port.

2025-12-01T08:46:03.741-03:00  INFO 33212 --- [restartedMain] com.zaxxer.hikari.HikariDataSource       : HikariPool-1 - Starting...
2025-12-01T08:46:03.884-03:00  INFO 33212 --- [restartedMain] com.zaxxer.hikari.pool.HikariPool        : HikariPool-1 - Added connection com.mysql.cj.jdbc.ConnectionImpl@45459555
2025-12-01T08:46:03.887-03:00  INFO 33212 --- [restartedMain] com.zaxxer.hikari.HikariDataSource       : HikariPool-1 - Start completed.
2025-12-01T08:46:03.939-03:00  WARN 33212 --- [restartedMain] org.hibernate.orm.deprecation            : HHH90000025: MySQLDialect does not need to be specified explicitly using 'hibernate.dialect' (remove the property setting and it will be selected by default)
2025-12-01T08:46:04.007-03:00  WARN 44760 --- [restartedMain] JpaBaseConfiguration$JpaWebConfiguration : spring.jpa.open-in-view is enabled by default. Therefore, database queries may be performed during view rendering. Explicitly configure spring.jpa.open-in-view to disable this warning
2025-12-01T08:46:04.840-03:00  INFO 17612 --- [restartedMain] o.apache.catalina.core.StandardService   : Starting service [Tomcat]
2025-12-01T08:46:04.840-03:00  INFO 17612 --- [restartedMain] o.apache.catalina.core.StandardEngine    : Starting Servlet engine: [Apache Tomcat/10.1.20]
2025-12-01T08:46:04.863-03:00  WARN 44760 --- [restartedMain] o.s.b.d.a.OptionalLiveReloadServer       : Unable to start LiveReload server
2025-12-01T08:46:04.893-03:00  WARN 44760 --- [restartedMain] ConfigServletWebServerApplicationContext : Exception encountered during context initialization - cancelling refresh attempt: org.springframework.context.ApplicationContextException: Failed to start bean 'webServerStartStop'
2025-12-01T08:46:04.898-03:00  INFO 44760 --- [restartedMain] com.zaxxer.hikari.HikariDataSource       : HikariPool-1 - Shutdown initiated...
2025-12-01T08:46:04.898-03:00  INFO 17612 --- [restartedMain] o.a.c.c.C.[Tomcat].[localhost].[/]       : Initializing Spring embedded WebApplicationContext
2025-12-01T08:46:04.909-03:00  INFO 44760 --- [restartedMain] com.zaxxer.hikari.HikariDataSource       : HikariPool-1 - Shutdown completed.
2025-12-01T08:46:04.958-03:00 ERROR 44760 --- [restartedMain] o.s.b.d.LoggingFailureAnalysisReporter   : 

***************************
APPLICATION FAILED TO START
***************************

Description:

Web server failed to start. Port 8080 was already in use.

Action:

Identify and stop the process that's listening on port 8080 or configure this application to listen on another port.

2025-12-01T08:46:05.548-03:00  INFO 17612 --- [restartedMain] com.zaxxer.hikari.HikariDataSource       : HikariPool-1 - Starting...
2025-12-01T08:46:05.688-03:00  INFO 17612 --- [restartedMain] com.zaxxer.hikari.pool.HikariPool        : HikariPool-1 - Added connection com.mysql.cj.jdbc.ConnectionImpl@2817e999
2025-12-01T08:46:05.689-03:00  INFO 17612 --- [restartedMain] com.zaxxer.hikari.HikariDataSource       : HikariPool-1 - Start completed.
2025-12-01T08:46:05.691-03:00  WARN 33212 --- [restartedMain] JpaBaseConfiguration$JpaWebConfiguration : spring.jpa.open-in-view is enabled by default. Therefore, database queries may be performed during view rendering. Explicitly configure spring.jpa.open-in-view to disable this warning
2025-12-01T08:46:05.737-03:00  WARN 17612 --- [restartedMain] org.hibernate.orm.deprecation            : HHH90000025: MySQLDialect does not need to be specified explicitly using 'hibernate.dialect' (remove the property setting and it will be selected by default)
2025-12-01T08:46:06.291-03:00  WARN 33212 --- [restartedMain] o.s.b.d.a.OptionalLiveReloadServer       : Unable to start LiveReload server
2025-12-01T08:46:06.314-03:00  WARN 33212 --- [restartedMain] ConfigServletWebServerApplicationContext : Exception encountered during context initialization - cancelling refresh attempt: org.springframework.context.ApplicationContextException: Failed to start bean 'webServerStartStop'
2025-12-01T08:46:06.322-03:00  INFO 33212 --- [restartedMain] com.zaxxer.hikari.HikariDataSource       : HikariPool-1 - Shutdown initiated...
2025-12-01T08:46:06.334-03:00  INFO 33212 --- [restartedMain] com.zaxxer.hikari.HikariDataSource       : HikariPool-1 - Shutdown completed.
2025-12-01T08:46:06.380-03:00 ERROR 33212 --- [restartedMain] o.s.b.d.LoggingFailureAnalysisReporter   : 

***************************
APPLICATION FAILED TO START
***************************

Description:

Web server failed to start. Port 8080 was already in use.

Action:

Identify and stop the process that's listening on port 8080 or configure this application to listen on another port.

2025-12-01T08:46:07.160-03:00  WARN 17612 --- [restartedMain] JpaBaseConfiguration$JpaWebConfiguration : spring.jpa.open-in-view is enabled by default. Therefore, database queries may be performed during view rendering. Explicitly configure spring.jpa.open-in-view to disable this warning
2025-12-01T08:46:07.846-03:00  WARN 17612 --- [restartedMain] o.s.b.d.a.OptionalLiveReloadServer       : Unable to start LiveReload server
2025-12-01T08:46:07.864-03:00  WARN 17612 --- [restartedMain] ConfigServletWebServerApplicationContext : Exception encountered during context initialization - cancelling refresh attempt: org.springframework.context.ApplicationContextException: Failed to start bean 'webServerStartStop'
2025-12-01T08:46:07.868-03:00  INFO 17612 --- [restartedMain] com.zaxxer.hikari.HikariDataSource       : HikariPool-1 - Shutdown initiated...
2025-12-01T08:46:07.877-03:00  INFO 17612 --- [restartedMain] com.zaxxer.hikari.HikariDataSource       : HikariPool-1 - Shutdown completed.
2025-12-01T08:46:07.926-03:00 ERROR 17612 --- [restartedMain] o.s.b.d.LoggingFailureAnalysisReporter   : 

***************************
APPLICATION FAILED TO START
***************************

Description:

Web server failed to start. Port 8080 was already in use.

Action:

Identify and stop the process that's listening on port 8080 or configure this application to listen on another port.

2025-12-01T08:46:20.372-03:00  INFO 39972 --- [SpringApplicationShutdownHook] com.zaxxer.hikari.HikariDataSource       : HikariPool-1 - Shutdown initiated...
2025-12-01T08:46:20.380-03:00  INFO 39972 --- [SpringApplicationShutdownHook] com.zaxxer.hikari.HikariDataSource       : HikariPool-1 - Shutdown completed.
2025-12-01T08:46:22.113-03:00  INFO 22660 --- [restartedMain] com.site.AcrediteSeQuiserApplication     : Starting AcrediteSeQuiserApplication using Java 24.0.1 with PID 22660 (C:\Users\celiors\IdeaProjects\acreditesequiser2\target\classes started by celiors in C:\Users\celiors\IdeaProjects\acreditesequiser2)
2025-12-01T08:46:22.115-03:00  INFO 22660 --- [restartedMain] com.site.AcrediteSeQuiserApplication     : No active profile set, falling back to 1 default profile: "default"
2025-12-01T08:46:23.774-03:00  INFO 22660 --- [restartedMain] o.apache.catalina.core.StandardService   : Starting service [Tomcat]
2025-12-01T08:46:23.774-03:00  INFO 22660 --- [restartedMain] o.apache.catalina.core.StandardEngine    : Starting Servlet engine: [Apache Tomcat/10.1.20]
2025-12-01T08:46:23.820-03:00  INFO 22660 --- [restartedMain] o.a.c.c.C.[Tomcat].[localhost].[/]       : Initializing Spring embedded WebApplicationContext
2025-12-01T08:46:24.368-03:00  INFO 22660 --- [restartedMain] com.zaxxer.hikari.HikariDataSource       : HikariPool-1 - Starting...
2025-12-01T08:46:24.473-03:00  INFO 22660 --- [restartedMain] com.zaxxer.hikari.pool.HikariPool        : HikariPool-1 - Added connection com.mysql.cj.jdbc.ConnectionImpl@7d0e6117
2025-12-01T08:46:24.474-03:00  INFO 22660 --- [restartedMain] com.zaxxer.hikari.HikariDataSource       : HikariPool-1 - Start completed.
2025-12-01T08:46:24.512-03:00  WARN 22660 --- [restartedMain] org.hibernate.orm.deprecation            : HHH90000025: MySQLDialect does not need to be specified explicitly using 'hibernate.dialect' (remove the property setting and it will be selected by default)
2025-12-01T08:46:25.631-03:00  WARN 22660 --- [restartedMain] JpaBaseConfiguration$JpaWebConfiguration : spring.jpa.open-in-view is enabled by default. Therefore, database queries may be performed during view rendering. Explicitly configure spring.jpa.open-in-view to disable this warning
2025-12-01T08:46:26.301-03:00  INFO 22660 --- [restartedMain] com.site.AcrediteSeQuiserApplication     : Started AcrediteSeQuiserApplication in 4.573 seconds (process running for 5.044)
2025-12-01T08:46:35.402-03:00  INFO 22660 --- [http-nio-8080-exec-2] o.a.c.c.C.[Tomcat].[localhost].[/]       : Initializing Spring DispatcherServlet 'dispatcherServlet'
2025-12-01T09:00:00.025-03:00  INFO 22660 --- [scheduling-1] com.site.services.ScheduledTaskService   : ------------------------------------------------------------
2025-12-01T09:00:00.025-03:00  INFO 22660 --- [scheduling-1] com.site.services.ScheduledTaskService   : INICIANDO TAREFA AGENDADA: Verificação de assinaturas a vencer...
2025-12-01T09:00:00.025-03:00  INFO 22660 --- [scheduling-1] com.site.services.ScheduledTaskService   : Procurando usuários com vencimento em 7 dias (2025-12-08).
2025-12-01T09:00:00.034-03:00  INFO 22660 --- [scheduling-1] com.site.services.ScheduledTaskService   : Nenhum usuário encontrado com assinatura vencendo em 2025-12-08.
2025-12-01T09:00:00.034-03:00  INFO 22660 --- [scheduling-1] com.site.services.ScheduledTaskService   : Procurando usuários com vencimento em 3 dias (2025-12-04).
2025-12-01T09:00:00.037-03:00  INFO 22660 --- [scheduling-1] com.site.services.ScheduledTaskService   : Nenhum usuário encontrado com assinatura vencendo em 2025-12-04.
2025-12-01T09:00:00.037-03:00  INFO 22660 --- [scheduling-1] com.site.services.ScheduledTaskService   : TAREFA AGENDADA CONCLUÍDA.
2025-12-01T09:00:00.037-03:00  INFO 22660 --- [scheduling-1] com.site.services.ScheduledTaskService   : ------------------------------------------------------------
2025-12-01T09:20:39.949-03:00  INFO 22660 --- [SpringApplicationShutdownHook] com.zaxxer.hikari.HikariDataSource       : HikariPool-1 - Shutdown initiated...
2025-12-01T09:20:39.953-03:00  INFO 22660 --- [SpringApplicationShutdownHook] com.zaxxer.hikari.HikariDataSource       : HikariPool-1 - Shutdown completed.
2025-12-01T09:37:51.159-03:00  INFO 41912 --- [restartedMain] com.site.AcrediteSeQuiserApplication     : Starting AcrediteSeQuiserApplication using Java 24.0.1 with PID 41912 (C:\Users\celiors\IdeaProjects\acreditesequiser2\target\classes started by celiors in C:\Users\celiors\IdeaProjects\acreditesequiser2)
2025-12-01T09:37:51.161-03:00  INFO 41912 --- [restartedMain] com.site.AcrediteSeQuiserApplication     : No active profile set, falling back to 1 default profile: "default"
2025-12-01T09:37:52.821-03:00  INFO 41912 --- [restartedMain] o.apache.catalina.core.StandardService   : Starting service [Tomcat]
2025-12-01T09:37:52.822-03:00  INFO 41912 --- [restartedMain] o.apache.catalina.core.StandardEngine    : Starting Servlet engine: [Apache Tomcat/10.1.20]
2025-12-01T09:37:52.868-03:00  INFO 41912 --- [restartedMain] o.a.c.c.C.[Tomcat].[localhost].[/]       : Initializing Spring embedded WebApplicationContext
2025-12-01T09:37:53.444-03:00  INFO 41912 --- [restartedMain] com.zaxxer.hikari.HikariDataSource       : HikariPool-1 - Starting...
2025-12-01T09:37:53.566-03:00  INFO 41912 --- [restartedMain] com.zaxxer.hikari.pool.HikariPool        : HikariPool-1 - Added connection com.mysql.cj.jdbc.ConnectionImpl@fc3dab9
2025-12-01T09:37:53.567-03:00  INFO 41912 --- [restartedMain] com.zaxxer.hikari.HikariDataSource       : HikariPool-1 - Start completed.
2025-12-01T09:37:53.611-03:00  WARN 41912 --- [restartedMain] org.hibernate.orm.deprecation            : HHH90000025: MySQLDialect does not need to be specified explicitly using 'hibernate.dialect' (remove the property setting and it will be selected by default)
2025-12-01T09:37:54.903-03:00  WARN 41912 --- [restartedMain] JpaBaseConfiguration$JpaWebConfiguration : spring.jpa.open-in-view is enabled by default. Therefore, database queries may be performed during view rendering. Explicitly configure spring.jpa.open-in-view to disable this warning
2025-12-01T09:37:55.524-03:00  INFO 41912 --- [restartedMain] com.site.AcrediteSeQuiserApplication     : Started AcrediteSeQuiserApplication in 4.794 seconds (process running for 5.306)
2025-12-01T09:38:02.667-03:00  INFO 41912 --- [SpringApplicationShutdownHook] com.zaxxer.hikari.HikariDataSource       : HikariPool-1 - Shutdown initiated...
2025-12-01T09:38:02.677-03:00  INFO 41912 --- [SpringApplicationShutdownHook] com.zaxxer.hikari.HikariDataSource       : HikariPool-1 - Shutdown completed.
2025-12-01T09:50:22.220-03:00  INFO 18488 --- [restartedMain] com.site.AcrediteSeQuiserApplication     : Starting AcrediteSeQuiserApplication using Java 24.0.1 with PID 18488 (C:\Users\celiors\IdeaProjects\acreditesequiser2\target\classes started by celiors in C:\Users\celiors\IdeaProjects\acreditesequiser2)
2025-12-01T09:50:22.222-03:00  INFO 18488 --- [restartedMain] com.site.AcrediteSeQuiserApplication     : No active profile set, falling back to 1 default profile: "default"
2025-12-01T09:50:24.017-03:00  INFO 18488 --- [restartedMain] o.apache.catalina.core.StandardService   : Starting service [Tomcat]
2025-12-01T09:50:24.017-03:00  INFO 18488 --- [restartedMain] o.apache.catalina.core.StandardEngine    : Starting Servlet engine: [Apache Tomcat/10.1.20]
2025-12-01T09:50:24.073-03:00  INFO 18488 --- [restartedMain] o.a.c.c.C.[Tomcat].[localhost].[/]       : Initializing Spring embedded WebApplicationContext
2025-12-01T09:50:24.671-03:00  INFO 18488 --- [restartedMain] com.zaxxer.hikari.HikariDataSource       : HikariPool-1 - Starting...
2025-12-01T09:50:24.790-03:00  INFO 18488 --- [restartedMain] com.zaxxer.hikari.pool.HikariPool        : HikariPool-1 - Added connection com.mysql.cj.jdbc.ConnectionImpl@327861c9
2025-12-01T09:50:24.792-03:00  INFO 18488 --- [restartedMain] com.zaxxer.hikari.HikariDataSource       : HikariPool-1 - Start completed.
2025-12-01T09:50:24.838-03:00  WARN 18488 --- [restartedMain] org.hibernate.orm.deprecation            : HHH90000025: MySQLDialect does not need to be specified explicitly using 'hibernate.dialect' (remove the property setting and it will be selected by default)
2025-12-01T09:50:26.169-03:00  WARN 18488 --- [restartedMain] JpaBaseConfiguration$JpaWebConfiguration : spring.jpa.open-in-view is enabled by default. Therefore, database queries may be performed during view rendering. Explicitly configure spring.jpa.open-in-view to disable this warning
2025-12-01T09:50:26.861-03:00  INFO 18488 --- [restartedMain] com.site.AcrediteSeQuiserApplication     : Started AcrediteSeQuiserApplication in 5.136 seconds (process running for 5.658)
2025-12-01T10:12:31.185-03:00  INFO 18488 --- [SpringApplicationShutdownHook] com.zaxxer.hikari.HikariDataSource       : HikariPool-1 - Shutdown initiated...
2025-12-01T10:12:31.210-03:00  INFO 18488 --- [SpringApplicationShutdownHook] com.zaxxer.hikari.HikariDataSource       : HikariPool-1 - Shutdown completed.
2025-12-01T10:12:34.674-03:00  INFO 45036 --- [restartedMain] com.site.AcrediteSeQuiserApplication     : Starting AcrediteSeQuiserApplication using Java 24.0.1 with PID 45036 (C:\Users\celiors\IdeaProjects\acreditesequiser2\target\classes started by celiors in C:\Users\celiors\IdeaProjects\acreditesequiser2)
2025-12-01T10:12:34.675-03:00  INFO 45036 --- [restartedMain] com.site.AcrediteSeQuiserApplication     : No active profile set, falling back to 1 default profile: "default"
2025-12-01T10:12:36.515-03:00  INFO 45036 --- [restartedMain] o.apache.catalina.core.StandardService   : Starting service [Tomcat]
2025-12-01T10:12:36.515-03:00  INFO 45036 --- [restartedMain] o.apache.catalina.core.StandardEngine    : Starting Servlet engine: [Apache Tomcat/10.1.20]
2025-12-01T10:12:36.572-03:00  INFO 45036 --- [restartedMain] o.a.c.c.C.[Tomcat].[localhost].[/]       : Initializing Spring embedded WebApplicationContext
2025-12-01T10:12:37.187-03:00  INFO 45036 --- [restartedMain] com.zaxxer.hikari.HikariDataSource       : HikariPool-1 - Starting...
2025-12-01T10:12:37.318-03:00  INFO 45036 --- [restartedMain] com.zaxxer.hikari.pool.HikariPool        : HikariPool-1 - Added connection com.mysql.cj.jdbc.ConnectionImpl@45459555
2025-12-01T10:12:37.320-03:00  INFO 45036 --- [restartedMain] com.zaxxer.hikari.HikariDataSource       : HikariPool-1 - Start completed.
2025-12-01T10:12:37.365-03:00  WARN 45036 --- [restartedMain] org.hibernate.orm.deprecation            : HHH90000025: MySQLDialect does not need to be specified explicitly using 'hibernate.dialect' (remove the property setting and it will be selected by default)
2025-12-01T10:12:38.801-03:00  WARN 45036 --- [restartedMain] JpaBaseConfiguration$JpaWebConfiguration : spring.jpa.open-in-view is enabled by default. Therefore, database queries may be performed during view rendering. Explicitly configure spring.jpa.open-in-view to disable this warning
2025-12-01T10:12:39.463-03:00  INFO 45036 --- [restartedMain] com.site.AcrediteSeQuiserApplication     : Started AcrediteSeQuiserApplication in 5.211 seconds (process running for 5.722)
2025-12-01T10:13:28.689-03:00  INFO 45036 --- [Thread-5] com.zaxxer.hikari.HikariDataSource       : HikariPool-1 - Shutdown initiated...
2025-12-01T10:13:28.697-03:00  INFO 45036 --- [Thread-5] com.zaxxer.hikari.HikariDataSource       : HikariPool-1 - Shutdown completed.
2025-12-01T10:13:28.781-03:00  INFO 45036 --- [restartedMain] com.site.AcrediteSeQuiserApplication     : Starting AcrediteSeQuiserApplication using Java 24.0.1 with PID 45036 (C:\Users\celiors\IdeaProjects\acreditesequiser2\target\classes started by celiors in C:\Users\celiors\IdeaProjects\acreditesequiser2)
2025-12-01T10:13:28.781-03:00  INFO 45036 --- [restartedMain] com.site.AcrediteSeQuiserApplication     : No active profile set, falling back to 1 default profile: "default"
2025-12-01T10:13:29.022-03:00  INFO 45036 --- [restartedMain] o.apache.catalina.core.StandardService   : Starting service [Tomcat]
2025-12-01T10:13:29.022-03:00  INFO 45036 --- [restartedMain] o.apache.catalina.core.StandardEngine    : Starting Servlet engine: [Apache Tomcat/10.1.20]
2025-12-01T10:13:29.063-03:00  INFO 45036 --- [restartedMain] o.a.c.c.C.[Tomcat].[localhost].[/]       : Initializing Spring embedded WebApplicationContext
2025-12-01T10:13:29.105-03:00  INFO 45036 --- [restartedMain] com.zaxxer.hikari.HikariDataSource       : HikariPool-2 - Starting...
2025-12-01T10:13:29.113-03:00  INFO 45036 --- [restartedMain] com.zaxxer.hikari.pool.HikariPool        : HikariPool-2 - Added connection com.mysql.cj.jdbc.ConnectionImpl@78af6f7c
2025-12-01T10:13:29.113-03:00  INFO 45036 --- [restartedMain] com.zaxxer.hikari.HikariDataSource       : HikariPool-2 - Start completed.
2025-12-01T10:13:29.115-03:00  WARN 45036 --- [restartedMain] org.hibernate.orm.deprecation            : HHH90000025: MySQLDialect does not need to be specified explicitly using 'hibernate.dialect' (remove the property setting and it will be selected by default)
2025-12-01T10:13:29.166-03:00  WARN 45036 --- [restartedMain] JpaBaseConfiguration$JpaWebConfiguration : spring.jpa.open-in-view is enabled by default. Therefore, database queries may be performed during view rendering. Explicitly configure spring.jpa.open-in-view to disable this warning
2025-12-01T10:13:29.283-03:00  INFO 45036 --- [restartedMain] com.site.AcrediteSeQuiserApplication     : Started AcrediteSeQuiserApplication in 0.525 seconds (process running for 55.543)
2025-12-01T10:13:31.147-03:00  INFO 45036 --- [Thread-7] com.zaxxer.hikari.HikariDataSource       : HikariPool-2 - Shutdown initiated...
2025-12-01T10:13:31.154-03:00  INFO 45036 --- [Thread-7] com.zaxxer.hikari.HikariDataSource       : HikariPool-2 - Shutdown completed.
2025-12-01T10:13:31.241-03:00  INFO 45036 --- [restartedMain] com.site.AcrediteSeQuiserApplication     : Starting AcrediteSeQuiserApplication using Java 24.0.1 with PID 45036 (C:\Users\celiors\IdeaProjects\acreditesequiser2\target\classes started by celiors in C:\Users\celiors\IdeaProjects\acreditesequiser2)
2025-12-01T10:13:31.241-03:00  INFO 45036 --- [restartedMain] com.site.AcrediteSeQuiserApplication     : No active profile set, falling back to 1 default profile: "default"
2025-12-01T10:13:31.524-03:00  INFO 45036 --- [restartedMain] o.apache.catalina.core.StandardService   : Starting service [Tomcat]
2025-12-01T10:13:31.524-03:00  INFO 45036 --- [restartedMain] o.apache.catalina.core.StandardEngine    : Starting Servlet engine: [Apache Tomcat/10.1.20]
2025-12-01T10:13:31.548-03:00  INFO 45036 --- [restartedMain] o.a.c.c.C.[Tomcat].[localhost].[/]       : Initializing Spring embedded WebApplicationContext
2025-12-01T10:13:31.576-03:00  INFO 45036 --- [restartedMain] com.zaxxer.hikari.HikariDataSource       : HikariPool-3 - Starting...
2025-12-01T10:13:31.581-03:00  INFO 45036 --- [restartedMain] com.zaxxer.hikari.pool.HikariPool        : HikariPool-3 - Added connection com.mysql.cj.jdbc.ConnectionImpl@4d18eceb
2025-12-01T10:13:31.582-03:00  INFO 45036 --- [restartedMain] com.zaxxer.hikari.HikariDataSource       : HikariPool-3 - Start completed.
2025-12-01T10:13:31.584-03:00  WARN 45036 --- [restartedMain] org.hibernate.orm.deprecation            : HHH90000025: MySQLDialect does not need to be specified explicitly using 'hibernate.dialect' (remove the property setting and it will be selected by default)
2025-12-01T10:13:31.787-03:00  WARN 45036 --- [restartedMain] JpaBaseConfiguration$JpaWebConfiguration : spring.jpa.open-in-view is enabled by default. Therefore, database queries may be performed during view rendering. Explicitly configure spring.jpa.open-in-view to disable this warning
2025-12-01T10:13:31.882-03:00  INFO 45036 --- [restartedMain] com.site.AcrediteSeQuiserApplication     : Started AcrediteSeQuiserApplication in 0.663 seconds (process running for 58.14)
2025-12-01T11:49:56.558-03:00  INFO 45036 --- [SpringApplicationShutdownHook] com.zaxxer.hikari.HikariDataSource       : HikariPool-3 - Shutdown initiated...
2025-12-01T11:49:56.568-03:00  INFO 45036 --- [SpringApplicationShutdownHook] com.zaxxer.hikari.HikariDataSource       : HikariPool-3 - Shutdown completed.
2025-12-01T11:51:46.203-03:00  INFO 32652 --- [restartedMain] com.site.AcrediteSeQuiserApplication     : Starting AcrediteSeQuiserApplication using Java 24.0.1 with PID 32652 (C:\Users\celiors\IdeaProjects\acreditesequiser2\target\classes started by celiors in C:\Users\celiors\IdeaProjects\acreditesequiser2)
2025-12-01T11:51:46.204-03:00  INFO 32652 --- [restartedMain] com.site.AcrediteSeQuiserApplication     : No active profile set, falling back to 1 default profile: "default"
2025-12-01T11:51:48.088-03:00  INFO 32652 --- [restartedMain] o.apache.catalina.core.StandardService   : Starting service [Tomcat]
2025-12-01T11:51:48.089-03:00  INFO 32652 --- [restartedMain] o.apache.catalina.core.StandardEngine    : Starting Servlet engine: [Apache Tomcat/10.1.20]
2025-12-01T11:51:48.146-03:00  INFO 32652 --- [restartedMain] o.a.c.c.C.[Tomcat].[localhost].[/]       : Initializing Spring embedded WebApplicationContext
2025-12-01T11:51:48.720-03:00  INFO 32652 --- [restartedMain] com.zaxxer.hikari.HikariDataSource       : HikariPool-1 - Starting...
2025-12-01T11:51:48.838-03:00  INFO 32652 --- [restartedMain] com.zaxxer.hikari.pool.HikariPool        : HikariPool-1 - Added connection com.mysql.cj.jdbc.ConnectionImpl@69bafa79
2025-12-01T11:51:48.840-03:00  INFO 32652 --- [restartedMain] com.zaxxer.hikari.HikariDataSource       : HikariPool-1 - Start completed.
2025-12-01T11:51:48.889-03:00  WARN 32652 --- [restartedMain] org.hibernate.orm.deprecation            : HHH90000025: MySQLDialect does not need to be specified explicitly using 'hibernate.dialect' (remove the property setting and it will be selected by default)
2025-12-01T11:51:50.185-03:00  WARN 32652 --- [restartedMain] JpaBaseConfiguration$JpaWebConfiguration : spring.jpa.open-in-view is enabled by default. Therefore, database queries may be performed during view rendering. Explicitly configure spring.jpa.open-in-view to disable this warning
2025-12-01T11:51:50.725-03:00  INFO 32652 --- [restartedMain] com.site.AcrediteSeQuiserApplication     : Started AcrediteSeQuiserApplication in 4.868 seconds (process running for 5.999)
2025-12-01T11:52:00.735-03:00  INFO 32652 --- [http-nio-8080-exec-1] o.a.c.c.C.[Tomcat].[localhost].[/]       : Initializing Spring DispatcherServlet 'dispatcherServlet'
2025-12-01T11:53:35.013-03:00  INFO 32652 --- [SpringApplicationShutdownHook] com.zaxxer.hikari.HikariDataSource       : HikariPool-1 - Shutdown initiated...
2025-12-01T11:53:35.022-03:00  INFO 32652 --- [SpringApplicationShutdownHook] com.zaxxer.hikari.HikariDataSource       : HikariPool-1 - Shutdown completed.
2025-12-01T14:09:36.111-03:00  INFO 16832 --- [restartedMain] com.site.AcrediteSeQuiserApplication     : Starting AcrediteSeQuiserApplication using Java 24.0.1 with PID 16832 (C:\Users\celiors\IdeaProjects\acreditesequiser2\target\classes started by celiors in C:\Users\celiors\IdeaProjects\acreditesequiser2)
2025-12-01T14:09:36.113-03:00  INFO 16832 --- [restartedMain] com.site.AcrediteSeQuiserApplication     : No active profile set, falling back to 1 default profile: "default"
2025-12-01T14:09:38.231-03:00  INFO 16832 --- [restartedMain] o.apache.catalina.core.StandardService   : Starting service [Tomcat]
2025-12-01T14:09:38.231-03:00  INFO 16832 --- [restartedMain] o.apache.catalina.core.StandardEngine    : Starting Servlet engine: [Apache Tomcat/10.1.20]
2025-12-01T14:09:38.282-03:00  INFO 16832 --- [restartedMain] o.a.c.c.C.[Tomcat].[localhost].[/]       : Initializing Spring embedded WebApplicationContext
2025-12-01T14:09:38.903-03:00  INFO 16832 --- [restartedMain] com.zaxxer.hikari.HikariDataSource       : HikariPool-1 - Starting...
2025-12-01T14:09:39.092-03:00  INFO 16832 --- [restartedMain] com.zaxxer.hikari.pool.HikariPool        : HikariPool-1 - Added connection com.mysql.cj.jdbc.ConnectionImpl@327861c9
2025-12-01T14:09:39.094-03:00  INFO 16832 --- [restartedMain] com.zaxxer.hikari.HikariDataSource       : HikariPool-1 - Start completed.
2025-12-01T14:09:39.165-03:00  WARN 16832 --- [restartedMain] org.hibernate.orm.deprecation            : HHH90000025: MySQLDialect does not need to be specified explicitly using 'hibernate.dialect' (remove the property setting and it will be selected by default)
2025-12-01T14:09:40.975-03:00  WARN 16832 --- [restartedMain] JpaBaseConfiguration$JpaWebConfiguration : spring.jpa.open-in-view is enabled by default. Therefore, database queries may be performed during view rendering. Explicitly configure spring.jpa.open-in-view to disable this warning
2025-12-01T14:09:41.868-03:00  INFO 16832 --- [restartedMain] com.site.AcrediteSeQuiserApplication     : Started AcrediteSeQuiserApplication in 6.249 seconds (process running for 6.858)
2025-12-01T14:10:11.934-03:00  INFO 16832 --- [Thread-5] com.zaxxer.hikari.HikariDataSource       : HikariPool-1 - Shutdown initiated...
2025-12-01T14:10:11.949-03:00  INFO 16832 --- [Thread-5] com.zaxxer.hikari.HikariDataSource       : HikariPool-1 - Shutdown completed.
2025-12-01T14:10:12.046-03:00  INFO 16832 --- [restartedMain] com.site.AcrediteSeQuiserApplication     : Starting AcrediteSeQuiserApplication using Java 24.0.1 with PID 16832 (C:\Users\celiors\IdeaProjects\acreditesequiser2\target\classes started by celiors in C:\Users\celiors\IdeaProjects\acreditesequiser2)
2025-12-01T14:10:12.046-03:00  INFO 16832 --- [restartedMain] com.site.AcrediteSeQuiserApplication     : No active profile set, falling back to 1 default profile: "default"
2025-12-01T14:10:12.320-03:00  INFO 16832 --- [restartedMain] o.apache.catalina.core.StandardService   : Starting service [Tomcat]
2025-12-01T14:10:12.321-03:00  INFO 16832 --- [restartedMain] o.apache.catalina.core.StandardEngine    : Starting Servlet engine: [Apache Tomcat/10.1.20]
2025-12-01T14:10:12.364-03:00  INFO 16832 --- [restartedMain] o.a.c.c.C.[Tomcat].[localhost].[/]       : Initializing Spring embedded WebApplicationContext
2025-12-01T14:10:12.414-03:00  INFO 16832 --- [restartedMain] com.zaxxer.hikari.HikariDataSource       : HikariPool-2 - Starting...
2025-12-01T14:10:12.422-03:00  INFO 16832 --- [restartedMain] com.zaxxer.hikari.pool.HikariPool        : HikariPool-2 - Added connection com.mysql.cj.jdbc.ConnectionImpl@316ede6
2025-12-01T14:10:12.422-03:00  INFO 16832 --- [restartedMain] com.zaxxer.hikari.HikariDataSource       : HikariPool-2 - Start completed.
2025-12-01T14:10:12.426-03:00  WARN 16832 --- [restartedMain] org.hibernate.orm.deprecation            : HHH90000025: MySQLDialect does not need to be specified explicitly using 'hibernate.dialect' (remove the property setting and it will be selected by default)
2025-12-01T14:10:12.526-03:00  WARN 16832 --- [restartedMain] JpaBaseConfiguration$JpaWebConfiguration : spring.jpa.open-in-view is enabled by default. Therefore, database queries may be performed during view rendering. Explicitly configure spring.jpa.open-in-view to disable this warning
2025-12-01T14:10:12.654-03:00  INFO 16832 --- [restartedMain] com.site.AcrediteSeQuiserApplication     : Started AcrediteSeQuiserApplication in 0.633 seconds (process running for 37.644)
2025-12-01T14:10:14.084-03:00  INFO 16832 --- [Thread-7] com.zaxxer.hikari.HikariDataSource       : HikariPool-2 - Shutdown initiated...
2025-12-01T14:10:14.089-03:00  INFO 16832 --- [Thread-7] com.zaxxer.hikari.HikariDataSource       : HikariPool-2 - Shutdown completed.
2025-12-01T14:10:14.159-03:00  INFO 16832 --- [restartedMain] com.site.AcrediteSeQuiserApplication     : Starting AcrediteSeQuiserApplication using Java 24.0.1 with PID 16832 (C:\Users\celiors\IdeaProjects\acreditesequiser2\target\classes started by celiors in C:\Users\celiors\IdeaProjects\acreditesequiser2)
2025-12-01T14:10:14.160-03:00  INFO 16832 --- [restartedMain] com.site.AcrediteSeQuiserApplication     : No active profile set, falling back to 1 default profile: "default"
2025-12-01T14:10:14.450-03:00  INFO 16832 --- [restartedMain] o.apache.catalina.core.StandardService   : Starting service [Tomcat]
2025-12-01T14:10:14.450-03:00  INFO 16832 --- [restartedMain] o.apache.catalina.core.StandardEngine    : Starting Servlet engine: [Apache Tomcat/10.1.20]
2025-12-01T14:10:14.482-03:00  INFO 16832 --- [restartedMain] o.a.c.c.C.[Tomcat].[localhost].[/]       : Initializing Spring embedded WebApplicationContext
2025-12-01T14:10:14.515-03:00  INFO 16832 --- [restartedMain] com.zaxxer.hikari.HikariDataSource       : HikariPool-3 - Starting...
2025-12-01T14:10:14.522-03:00  INFO 16832 --- [restartedMain] com.zaxxer.hikari.pool.HikariPool        : HikariPool-3 - Added connection com.mysql.cj.jdbc.ConnectionImpl@4a2719c7
2025-12-01T14:10:14.522-03:00  INFO 16832 --- [restartedMain] com.zaxxer.hikari.HikariDataSource       : HikariPool-3 - Start completed.
2025-12-01T14:10:14.523-03:00  WARN 16832 --- [restartedMain] org.hibernate.orm.deprecation            : HHH90000025: MySQLDialect does not need to be specified explicitly using 'hibernate.dialect' (remove the property setting and it will be selected by default)
2025-12-01T14:10:14.692-03:00  WARN 16832 --- [restartedMain] JpaBaseConfiguration$JpaWebConfiguration : spring.jpa.open-in-view is enabled by default. Therefore, database queries may be performed during view rendering. Explicitly configure spring.jpa.open-in-view to disable this warning
2025-12-01T14:10:14.779-03:00  INFO 16832 --- [restartedMain] com.site.AcrediteSeQuiserApplication     : Started AcrediteSeQuiserApplication in 0.638 seconds (process running for 39.769)
2025-12-01T14:10:18.160-03:00  INFO 16832 --- [http-nio-8080-exec-1] o.a.c.c.C.[Tomcat].[localhost].[/]       : Initializing Spring DispatcherServlet 'dispatcherServlet'
2025-12-01T14:23:48.201-03:00  INFO 16832 --- [SpringApplicationShutdownHook] com.zaxxer.hikari.HikariDataSource       : HikariPool-3 - Shutdown initiated...
2025-12-01T14:23:48.205-03:00  INFO 16832 --- [SpringApplicationShutdownHook] com.zaxxer.hikari.HikariDataSource       : HikariPool-3 - Shutdown completed.
2025-12-01T14:23:51.364-03:00  INFO 29036 --- [restartedMain] com.site.AcrediteSeQuiserApplication     : Starting AcrediteSeQuiserApplication using Java 24.0.1 with PID 29036 (C:\Users\celiors\IdeaProjects\acreditesequiser2\target\classes started by celiors in C:\Users\celiors\IdeaProjects\acreditesequiser2)
2025-12-01T14:23:51.366-03:00  INFO 29036 --- [restartedMain] com.site.AcrediteSeQuiserApplication     : No active profile set, falling back to 1 default profile: "default"
2025-12-01T14:23:53.196-03:00  INFO 29036 --- [restartedMain] o.apache.catalina.core.StandardService   : Starting service [Tomcat]
2025-12-01T14:23:53.197-03:00  INFO 29036 --- [restartedMain] o.apache.catalina.core.StandardEngine    : Starting Servlet engine: [Apache Tomcat/10.1.20]
2025-12-01T14:23:53.247-03:00  INFO 29036 --- [restartedMain] o.a.c.c.C.[Tomcat].[localhost].[/]       : Initializing Spring embedded WebApplicationContext
2025-12-01T14:23:53.836-03:00  INFO 29036 --- [restartedMain] com.zaxxer.hikari.HikariDataSource       : HikariPool-1 - Starting...
2025-12-01T14:23:53.956-03:00  INFO 29036 --- [restartedMain] com.zaxxer.hikari.pool.HikariPool        : HikariPool-1 - Added connection com.mysql.cj.jdbc.ConnectionImpl@71e2e6b
2025-12-01T14:23:53.957-03:00  INFO 29036 --- [restartedMain] com.zaxxer.hikari.HikariDataSource       : HikariPool-1 - Start completed.
2025-12-01T14:23:53.999-03:00  WARN 29036 --- [restartedMain] org.hibernate.orm.deprecation            : HHH90000025: MySQLDialect does not need to be specified explicitly using 'hibernate.dialect' (remove the property setting and it will be selected by default)
2025-12-01T14:23:55.230-03:00  WARN 29036 --- [restartedMain] JpaBaseConfiguration$JpaWebConfiguration : spring.jpa.open-in-view is enabled by default. Therefore, database queries may be performed during view rendering. Explicitly configure spring.jpa.open-in-view to disable this warning
2025-12-01T14:23:55.863-03:00  INFO 29036 --- [restartedMain] com.site.AcrediteSeQuiserApplication     : Started AcrediteSeQuiserApplication in 4.892 seconds (process running for 5.365)
2025-12-01T14:24:00.107-03:00  INFO 29036 --- [http-nio-8080-exec-1] o.a.c.c.C.[Tomcat].[localhost].[/]       : Initializing Spring DispatcherServlet 'dispatcherServlet'
2025-12-01T14:24:15.083-03:00  INFO 29036 --- [Thread-5] com.zaxxer.hikari.HikariDataSource       : HikariPool-1 - Shutdown initiated...
2025-12-01T14:24:15.094-03:00  INFO 29036 --- [Thread-5] com.zaxxer.hikari.HikariDataSource       : HikariPool-1 - Shutdown completed.
2025-12-01T14:24:15.180-03:00  INFO 29036 --- [restartedMain] com.site.AcrediteSeQuiserApplication     : Starting AcrediteSeQuiserApplication using Java 24.0.1 with PID 29036 (C:\Users\celiors\IdeaProjects\acreditesequiser2\target\classes started by celiors in C:\Users\celiors\IdeaProjects\acreditesequiser2)
2025-12-01T14:24:15.180-03:00  INFO 29036 --- [restartedMain] com.site.AcrediteSeQuiserApplication     : No active profile set, falling back to 1 default profile: "default"
2025-12-01T14:24:15.460-03:00  INFO 29036 --- [restartedMain] o.apache.catalina.core.StandardService   : Starting service [Tomcat]
2025-12-01T14:24:15.461-03:00  INFO 29036 --- [restartedMain] o.apache.catalina.core.StandardEngine    : Starting Servlet engine: [Apache Tomcat/10.1.20]
2025-12-01T14:24:15.489-03:00  INFO 29036 --- [restartedMain] o.a.c.c.C.[Tomcat].[localhost].[/]       : Initializing Spring embedded WebApplicationContext
2025-12-01T14:24:15.546-03:00  INFO 29036 --- [restartedMain] com.zaxxer.hikari.HikariDataSource       : HikariPool-2 - Starting...
2025-12-01T14:24:15.552-03:00  INFO 29036 --- [restartedMain] com.zaxxer.hikari.pool.HikariPool        : HikariPool-2 - Added connection com.mysql.cj.jdbc.ConnectionImpl@4e19f16d
2025-12-01T14:24:15.554-03:00  INFO 29036 --- [restartedMain] com.zaxxer.hikari.HikariDataSource       : HikariPool-2 - Start completed.
2025-12-01T14:24:15.555-03:00  WARN 29036 --- [restartedMain] org.hibernate.orm.deprecation            : HHH90000025: MySQLDialect does not need to be specified explicitly using 'hibernate.dialect' (remove the property setting and it will be selected by default)
2025-12-01T14:24:15.589-03:00  WARN 29036 --- [restartedMain] JpaBaseConfiguration$JpaWebConfiguration : spring.jpa.open-in-view is enabled by default. Therefore, database queries may be performed during view rendering. Explicitly configure spring.jpa.open-in-view to disable this warning
2025-12-01T14:24:15.698-03:00  INFO 29036 --- [restartedMain] com.site.AcrediteSeQuiserApplication     : Started AcrediteSeQuiserApplication in 0.54 seconds (process running for 25.2)
2025-12-01T14:24:17.545-03:00  INFO 29036 --- [Thread-7] com.zaxxer.hikari.HikariDataSource       : HikariPool-2 - Shutdown initiated...
2025-12-01T14:24:17.548-03:00  INFO 29036 --- [Thread-7] com.zaxxer.hikari.HikariDataSource       : HikariPool-2 - Shutdown completed.
2025-12-01T14:24:17.620-03:00  INFO 29036 --- [restartedMain] com.site.AcrediteSeQuiserApplication     : Starting AcrediteSeQuiserApplication using Java 24.0.1 with PID 29036 (C:\Users\celiors\IdeaProjects\acreditesequiser2\target\classes started by celiors in C:\Users\celiors\IdeaProjects\acreditesequiser2)
2025-12-01T14:24:17.620-03:00  INFO 29036 --- [restartedMain] com.site.AcrediteSeQuiserApplication     : No active profile set, falling back to 1 default profile: "default"
2025-12-01T14:24:17.801-03:00  INFO 29036 --- [restartedMain] o.apache.catalina.core.StandardService   : Starting service [Tomcat]
2025-12-01T14:24:17.802-03:00  INFO 29036 --- [restartedMain] o.apache.catalina.core.StandardEngine    : Starting Servlet engine: [Apache Tomcat/10.1.20]
2025-12-01T14:24:17.820-03:00  INFO 29036 --- [restartedMain] o.a.c.c.C.[Tomcat].[localhost].[/]       : Initializing Spring embedded WebApplicationContext
2025-12-01T14:24:17.847-03:00  INFO 29036 --- [restartedMain] com.zaxxer.hikari.HikariDataSource       : HikariPool-3 - Starting...
2025-12-01T14:24:17.852-03:00  INFO 29036 --- [restartedMain] com.zaxxer.hikari.pool.HikariPool        : HikariPool-3 - Added connection com.mysql.cj.jdbc.ConnectionImpl@4295f68d
2025-12-01T14:24:17.852-03:00  INFO 29036 --- [restartedMain] com.zaxxer.hikari.HikariDataSource       : HikariPool-3 - Start completed.
2025-12-01T14:24:17.854-03:00  WARN 29036 --- [restartedMain] org.hibernate.orm.deprecation            : HHH90000025: MySQLDialect does not need to be specified explicitly using 'hibernate.dialect' (remove the property setting and it will be selected by default)
2025-12-01T14:24:18.019-03:00  WARN 29036 --- [restartedMain] JpaBaseConfiguration$JpaWebConfiguration : spring.jpa.open-in-view is enabled by default. Therefore, database queries may be performed during view rendering. Explicitly configure spring.jpa.open-in-view to disable this warning
2025-12-01T14:24:18.093-03:00  INFO 29036 --- [restartedMain] com.site.AcrediteSeQuiserApplication     : Started AcrediteSeQuiserApplication in 0.49 seconds (process running for 27.595)
2025-12-01T14:24:18.119-03:00  INFO 29036 --- [http-nio-8080-exec-1] o.a.c.c.C.[Tomcat].[localhost].[/]       : Initializing Spring DispatcherServlet 'dispatcherServlet'
2025-12-01T14:30:07.028-03:00  INFO 29036 --- [SpringApplicationShutdownHook] com.zaxxer.hikari.HikariDataSource       : HikariPool-3 - Shutdown initiated...
2025-12-01T14:30:07.032-03:00  INFO 29036 --- [SpringApplicationShutdownHook] com.zaxxer.hikari.HikariDataSource       : HikariPool-3 - Shutdown completed.
2025-12-01T14:30:10.087-03:00  INFO 18832 --- [restartedMain] com.site.AcrediteSeQuiserApplication     : Starting AcrediteSeQuiserApplication using Java 24.0.1 with PID 18832 (C:\Users\celiors\IdeaProjects\acreditesequiser2\target\classes started by celiors in C:\Users\celiors\IdeaProjects\acreditesequiser2)
2025-12-01T14:30:10.089-03:00  INFO 18832 --- [restartedMain] com.site.AcrediteSeQuiserApplication     : No active profile set, falling back to 1 default profile: "default"
2025-12-01T14:30:11.749-03:00  INFO 18832 --- [restartedMain] o.apache.catalina.core.StandardService   : Starting service [Tomcat]
2025-12-01T14:30:11.749-03:00  INFO 18832 --- [restartedMain] o.apache.catalina.core.StandardEngine    : Starting Servlet engine: [Apache Tomcat/10.1.20]
2025-12-01T14:30:11.797-03:00  INFO 18832 --- [restartedMain] o.a.c.c.C.[Tomcat].[localhost].[/]       : Initializing Spring embedded WebApplicationContext
2025-12-01T14:30:12.367-03:00  INFO 18832 --- [restartedMain] com.zaxxer.hikari.HikariDataSource       : HikariPool-1 - Starting...
2025-12-01T14:30:12.494-03:00  INFO 18832 --- [restartedMain] com.zaxxer.hikari.pool.HikariPool        : HikariPool-1 - Added connection com.mysql.cj.jdbc.ConnectionImpl@1d817858
2025-12-01T14:30:12.495-03:00  INFO 18832 --- [restartedMain] com.zaxxer.hikari.HikariDataSource       : HikariPool-1 - Start completed.
2025-12-01T14:30:12.540-03:00  WARN 18832 --- [restartedMain] org.hibernate.orm.deprecation            : HHH90000025: MySQLDialect does not need to be specified explicitly using 'hibernate.dialect' (remove the property setting and it will be selected by default)
2025-12-01T14:30:13.843-03:00  WARN 18832 --- [restartedMain] JpaBaseConfiguration$JpaWebConfiguration : spring.jpa.open-in-view is enabled by default. Therefore, database queries may be performed during view rendering. Explicitly configure spring.jpa.open-in-view to disable this warning
2025-12-01T14:30:14.391-03:00  INFO 18832 --- [restartedMain] com.site.AcrediteSeQuiserApplication     : Started AcrediteSeQuiserApplication in 4.704 seconds (process running for 5.182)
2025-12-01T14:30:18.185-03:00  INFO 18832 --- [http-nio-8080-exec-1] o.a.c.c.C.[Tomcat].[localhost].[/]       : Initializing Spring DispatcherServlet 'dispatcherServlet'
2025-12-01T14:30:31.440-03:00  INFO 18832 --- [Thread-5] com.zaxxer.hikari.HikariDataSource       : HikariPool-1 - Shutdown initiated...
2025-12-01T14:30:31.451-03:00  INFO 18832 --- [Thread-5] com.zaxxer.hikari.HikariDataSource       : HikariPool-1 - Shutdown completed.
2025-12-01T14:30:31.568-03:00  INFO 18832 --- [restartedMain] com.site.AcrediteSeQuiserApplication     : Starting AcrediteSeQuiserApplication using Java 24.0.1 with PID 18832 (C:\Users\celiors\IdeaProjects\acreditesequiser2\target\classes started by celiors in C:\Users\celiors\IdeaProjects\acreditesequiser2)
2025-12-01T14:30:31.568-03:00  INFO 18832 --- [restartedMain] com.site.AcrediteSeQuiserApplication     : No active profile set, falling back to 1 default profile: "default"
2025-12-01T14:30:31.848-03:00  INFO 18832 --- [restartedMain] o.apache.catalina.core.StandardService   : Starting service [Tomcat]
2025-12-01T14:30:31.848-03:00  INFO 18832 --- [restartedMain] o.apache.catalina.core.StandardEngine    : Starting Servlet engine: [Apache Tomcat/10.1.20]
2025-12-01T14:30:31.872-03:00  INFO 18832 --- [restartedMain] o.a.c.c.C.[Tomcat].[localhost].[/]       : Initializing Spring embedded WebApplicationContext
2025-12-01T14:30:31.936-03:00  INFO 18832 --- [restartedMain] com.zaxxer.hikari.HikariDataSource       : HikariPool-2 - Starting...
2025-12-01T14:30:31.942-03:00  INFO 18832 --- [restartedMain] com.zaxxer.hikari.pool.HikariPool        : HikariPool-2 - Added connection com.mysql.cj.jdbc.ConnectionImpl@31c4962f
2025-12-01T14:30:31.942-03:00  INFO 18832 --- [restartedMain] com.zaxxer.hikari.HikariDataSource       : HikariPool-2 - Start completed.
2025-12-01T14:30:31.946-03:00  WARN 18832 --- [restartedMain] org.hibernate.orm.deprecation            : HHH90000025: MySQLDialect does not need to be specified explicitly using 'hibernate.dialect' (remove the property setting and it will be selected by default)
2025-12-01T14:30:31.988-03:00  WARN 18832 --- [restartedMain] JpaBaseConfiguration$JpaWebConfiguration : spring.jpa.open-in-view is enabled by default. Therefore, database queries may be performed during view rendering. Explicitly configure spring.jpa.open-in-view to disable this warning
2025-12-01T14:30:32.105-03:00  INFO 18832 --- [restartedMain] com.site.AcrediteSeQuiserApplication     : Started AcrediteSeQuiserApplication in 0.576 seconds (process running for 22.895)
2025-12-01T14:30:33.540-03:00  INFO 18832 --- [Thread-7] com.zaxxer.hikari.HikariDataSource       : HikariPool-2 - Shutdown initiated...
2025-12-01T14:30:33.545-03:00  INFO 18832 --- [Thread-7] com.zaxxer.hikari.HikariDataSource       : HikariPool-2 - Shutdown completed.
2025-12-01T14:30:33.618-03:00  INFO 18832 --- [restartedMain] com.site.AcrediteSeQuiserApplication     : Starting AcrediteSeQuiserApplication using Java 24.0.1 with PID 18832 (C:\Users\celiors\IdeaProjects\acreditesequiser2\target\classes started by celiors in C:\Users\celiors\IdeaProjects\acreditesequiser2)
2025-12-01T14:30:33.618-03:00  INFO 18832 --- [restartedMain] com.site.AcrediteSeQuiserApplication     : No active profile set, falling back to 1 default profile: "default"
2025-12-01T14:30:33.850-03:00  INFO 18832 --- [restartedMain] o.apache.catalina.core.StandardService   : Starting service [Tomcat]
2025-12-01T14:30:33.850-03:00  INFO 18832 --- [restartedMain] o.apache.catalina.core.StandardEngine    : Starting Servlet engine: [Apache Tomcat/10.1.20]
2025-12-01T14:30:33.870-03:00  INFO 18832 --- [restartedMain] o.a.c.c.C.[Tomcat].[localhost].[/]       : Initializing Spring embedded WebApplicationContext
2025-12-01T14:30:33.901-03:00  INFO 18832 --- [restartedMain] com.zaxxer.hikari.HikariDataSource       : HikariPool-3 - Starting...
2025-12-01T14:30:33.905-03:00  INFO 18832 --- [restartedMain] com.zaxxer.hikari.pool.HikariPool        : HikariPool-3 - Added connection com.mysql.cj.jdbc.ConnectionImpl@5336351a
2025-12-01T14:30:33.905-03:00  INFO 18832 --- [restartedMain] com.zaxxer.hikari.HikariDataSource       : HikariPool-3 - Start completed.
2025-12-01T14:30:33.906-03:00  WARN 18832 --- [restartedMain] org.hibernate.orm.deprecation            : HHH90000025: MySQLDialect does not need to be specified explicitly using 'hibernate.dialect' (remove the property setting and it will be selected by default)
2025-12-01T14:30:34.051-03:00  WARN 18832 --- [restartedMain] JpaBaseConfiguration$JpaWebConfiguration : spring.jpa.open-in-view is enabled by default. Therefore, database queries may be performed during view rendering. Explicitly configure spring.jpa.open-in-view to disable this warning
2025-12-01T14:30:34.125-03:00  INFO 18832 --- [restartedMain] com.site.AcrediteSeQuiserApplication     : Started AcrediteSeQuiserApplication in 0.528 seconds (process running for 24.916)
2025-12-01T14:31:18.144-03:00  INFO 18832 --- [http-nio-8080-exec-1] o.a.c.c.C.[Tomcat].[localhost].[/]       : Initializing Spring DispatcherServlet 'dispatcherServlet'
2025-12-01T14:37:22.825-03:00  INFO 18832 --- [SpringApplicationShutdownHook] com.zaxxer.hikari.HikariDataSource       : HikariPool-3 - Shutdown initiated...
2025-12-01T14:37:22.828-03:00  INFO 18832 --- [SpringApplicationShutdownHook] com.zaxxer.hikari.HikariDataSource       : HikariPool-3 - Shutdown completed.
2025-12-01T14:42:24.899-03:00  INFO 41296 --- [restartedMain] com.site.AcrediteSeQuiserApplication     : Starting AcrediteSeQuiserApplication using Java 24.0.1 with PID 41296 (C:\Users\celiors\IdeaProjects\acreditesequiser2\target\classes started by celiors in C:\Users\celiors\IdeaProjects\acreditesequiser2)
2025-12-01T14:42:24.901-03:00  INFO 41296 --- [restartedMain] com.site.AcrediteSeQuiserApplication     : No active profile set, falling back to 1 default profile: "default"
2025-12-01T14:42:26.748-03:00  INFO 41296 --- [restartedMain] o.apache.catalina.core.StandardService   : Starting service [Tomcat]
2025-12-01T14:42:26.748-03:00  INFO 41296 --- [restartedMain] o.apache.catalina.core.StandardEngine    : Starting Servlet engine: [Apache Tomcat/10.1.20]
2025-12-01T14:42:26.797-03:00  INFO 41296 --- [restartedMain] o.a.c.c.C.[Tomcat].[localhost].[/]       : Initializing Spring embedded WebApplicationContext
2025-12-01T14:42:27.339-03:00  INFO 41296 --- [restartedMain] com.zaxxer.hikari.HikariDataSource       : HikariPool-1 - Starting...
2025-12-01T14:42:27.452-03:00  INFO 41296 --- [restartedMain] com.zaxxer.hikari.pool.HikariPool        : HikariPool-1 - Added connection com.mysql.cj.jdbc.ConnectionImpl@2c774d9
2025-12-01T14:42:27.454-03:00  INFO 41296 --- [restartedMain] com.zaxxer.hikari.HikariDataSource       : HikariPool-1 - Start completed.
2025-12-01T14:42:27.498-03:00  WARN 41296 --- [restartedMain] org.hibernate.orm.deprecation            : HHH90000025: MySQLDialect does not need to be specified explicitly using 'hibernate.dialect' (remove the property setting and it will be selected by default)
2025-12-01T14:42:28.671-03:00  WARN 41296 --- [restartedMain] JpaBaseConfiguration$JpaWebConfiguration : spring.jpa.open-in-view is enabled by default. Therefore, database queries may be performed during view rendering. Explicitly configure spring.jpa.open-in-view to disable this warning
2025-12-01T14:42:29.207-03:00  INFO 41296 --- [restartedMain] com.site.AcrediteSeQuiserApplication     : Started AcrediteSeQuiserApplication in 4.696 seconds (process running for 5.145)
2025-12-01T14:42:31.906-03:00  INFO 41296 --- [SpringApplicationShutdownHook] com.zaxxer.hikari.HikariDataSource       : HikariPool-1 - Shutdown initiated...
2025-12-01T14:42:31.913-03:00  INFO 41296 --- [SpringApplicationShutdownHook] com.zaxxer.hikari.HikariDataSource       : HikariPool-1 - Shutdown completed.
2025-12-01T14:47:44.848-03:00  INFO 27448 --- [restartedMain] com.site.AcrediteSeQuiserApplication     : Starting AcrediteSeQuiserApplication using Java 24.0.1 with PID 27448 (C:\Users\celiors\IdeaProjects\acreditesequiser2\target\classes started by celiors in C:\Users\celiors\IdeaProjects\acreditesequiser2)
2025-12-01T14:47:44.850-03:00  INFO 27448 --- [restartedMain] com.site.AcrediteSeQuiserApplication     : No active profile set, falling back to 1 default profile: "default"
2025-12-01T14:47:46.641-03:00  INFO 27448 --- [restartedMain] o.apache.catalina.core.StandardService   : Starting service [Tomcat]
2025-12-01T14:47:46.641-03:00  INFO 27448 --- [restartedMain] o.apache.catalina.core.StandardEngine    : Starting Servlet engine: [Apache Tomcat/10.1.20]
2025-12-01T14:47:46.692-03:00  INFO 27448 --- [restartedMain] o.a.c.c.C.[Tomcat].[localhost].[/]       : Initializing Spring embedded WebApplicationContext
2025-12-01T14:47:47.245-03:00  INFO 27448 --- [restartedMain] com.zaxxer.hikari.HikariDataSource       : HikariPool-1 - Starting...
2025-12-01T14:47:47.369-03:00  INFO 27448 --- [restartedMain] com.zaxxer.hikari.pool.HikariPool        : HikariPool-1 - Added connection com.mysql.cj.jdbc.ConnectionImpl@77adc3a
2025-12-01T14:47:47.369-03:00  INFO 27448 --- [restartedMain] com.zaxxer.hikari.HikariDataSource       : HikariPool-1 - Start completed.
2025-12-01T14:47:47.413-03:00  WARN 27448 --- [restartedMain] org.hibernate.orm.deprecation            : HHH90000025: MySQLDialect does not need to be specified explicitly using 'hibernate.dialect' (remove the property setting and it will be selected by default)
2025-12-01T14:47:48.758-03:00  WARN 27448 --- [restartedMain] JpaBaseConfiguration$JpaWebConfiguration : spring.jpa.open-in-view is enabled by default. Therefore, database queries may be performed during view rendering. Explicitly configure spring.jpa.open-in-view to disable this warning
2025-12-01T14:47:49.400-03:00  INFO 27448 --- [restartedMain] com.site.AcrediteSeQuiserApplication     : Started AcrediteSeQuiserApplication in 4.98 seconds (process running for 5.481)
2025-12-01T14:48:18.217-03:00  INFO 27448 --- [http-nio-8080-exec-1] o.a.c.c.C.[Tomcat].[localhost].[/]       : Initializing Spring DispatcherServlet 'dispatcherServlet'
2025-12-01T14:50:12.467-03:00  INFO 27448 --- [SpringApplicationShutdownHook] com.zaxxer.hikari.HikariDataSource       : HikariPool-1 - Shutdown initiated...
2025-12-01T14:50:12.476-03:00  INFO 27448 --- [SpringApplicationShutdownHook] com.zaxxer.hikari.HikariDataSource       : HikariPool-1 - Shutdown completed.
2025-12-01T14:50:15.045-03:00  INFO 32832 --- [restartedMain] com.site.AcrediteSeQuiserApplication     : Starting AcrediteSeQuiserApplication using Java 24.0.1 with PID 32832 (C:\Users\celiors\IdeaProjects\acreditesequiser2\target\classes started by celiors in C:\Users\celiors\IdeaProjects\acreditesequiser2)
2025-12-01T14:50:15.047-03:00  INFO 32832 --- [restartedMain] com.site.AcrediteSeQuiserApplication     : No active profile set, falling back to 1 default profile: "default"
2025-12-01T14:50:16.730-03:00  INFO 32832 --- [restartedMain] o.apache.catalina.core.StandardService   : Starting service [Tomcat]
2025-12-01T14:50:16.730-03:00  INFO 32832 --- [restartedMain] o.apache.catalina.core.StandardEngine    : Starting Servlet engine: [Apache Tomcat/10.1.20]
2025-12-01T14:50:16.777-03:00  INFO 32832 --- [restartedMain] o.a.c.c.C.[Tomcat].[localhost].[/]       : Initializing Spring embedded WebApplicationContext
2025-12-01T14:50:17.303-03:00  INFO 32832 --- [restartedMain] com.zaxxer.hikari.HikariDataSource       : HikariPool-1 - Starting...
2025-12-01T14:50:17.414-03:00  INFO 32832 --- [restartedMain] com.zaxxer.hikari.pool.HikariPool        : HikariPool-1 - Added connection com.mysql.cj.jdbc.ConnectionImpl@20945ffa
2025-12-01T14:50:17.414-03:00  INFO 32832 --- [restartedMain] com.zaxxer.hikari.HikariDataSource       : HikariPool-1 - Start completed.
2025-12-01T14:50:17.453-03:00  WARN 32832 --- [restartedMain] org.hibernate.orm.deprecation            : HHH90000025: MySQLDialect does not need to be specified explicitly using 'hibernate.dialect' (remove the property setting and it will be selected by default)
2025-12-01T14:50:18.700-03:00  WARN 32832 --- [restartedMain] JpaBaseConfiguration$JpaWebConfiguration : spring.jpa.open-in-view is enabled by default. Therefore, database queries may be performed during view rendering. Explicitly configure spring.jpa.open-in-view to disable this warning
2025-12-01T14:50:19.281-03:00  INFO 32832 --- [restartedMain] com.site.AcrediteSeQuiserApplication     : Started AcrediteSeQuiserApplication in 4.623 seconds (process running for 5.076)
2025-12-01T14:50:19.311-03:00  INFO 32832 --- [http-nio-8080-exec-2] o.a.c.c.C.[Tomcat].[localhost].[/]       : Initializing Spring DispatcherServlet 'dispatcherServlet'
2025-12-01T14:53:52.675-03:00  INFO 32832 --- [SpringApplicationShutdownHook] com.zaxxer.hikari.HikariDataSource       : HikariPool-1 - Shutdown initiated...
2025-12-01T14:53:52.685-03:00  INFO 32832 --- [SpringApplicationShutdownHook] com.zaxxer.hikari.HikariDataSource       : HikariPool-1 - Shutdown completed.
2025-12-01T14:53:55.721-03:00  INFO 22372 --- [restartedMain] com.site.AcrediteSeQuiserApplication     : Starting AcrediteSeQuiserApplication using Java 24.0.1 with PID 22372 (C:\Users\celiors\IdeaProjects\acreditesequiser2\target\classes started by celiors in C:\Users\celiors\IdeaProjects\acreditesequiser2)
2025-12-01T14:53:55.722-03:00  INFO 22372 --- [restartedMain] com.site.AcrediteSeQuiserApplication     : No active profile set, falling back to 1 default profile: "default"
2025-12-01T14:53:57.514-03:00  INFO 22372 --- [restartedMain] o.apache.catalina.core.StandardService   : Starting service [Tomcat]
2025-12-01T14:53:57.515-03:00  INFO 22372 --- [restartedMain] o.apache.catalina.core.StandardEngine    : Starting Servlet engine: [Apache Tomcat/10.1.20]
2025-12-01T14:53:57.564-03:00  INFO 22372 --- [restartedMain] o.a.c.c.C.[Tomcat].[localhost].[/]       : Initializing Spring embedded WebApplicationContext
2025-12-01T14:53:58.156-03:00  INFO 22372 --- [restartedMain] com.zaxxer.hikari.HikariDataSource       : HikariPool-1 - Starting...
2025-12-01T14:53:58.269-03:00  INFO 22372 --- [restartedMain] com.zaxxer.hikari.pool.HikariPool        : HikariPool-1 - Added connection com.mysql.cj.jdbc.ConnectionImpl@4b69b9cc
2025-12-01T14:53:58.270-03:00  INFO 22372 --- [restartedMain] com.zaxxer.hikari.HikariDataSource       : HikariPool-1 - Start completed.
2025-12-01T14:53:58.314-03:00  WARN 22372 --- [restartedMain] org.hibernate.orm.deprecation            : HHH90000025: MySQLDialect does not need to be specified explicitly using 'hibernate.dialect' (remove the property setting and it will be selected by default)
2025-12-01T14:53:59.685-03:00  WARN 22372 --- [restartedMain] JpaBaseConfiguration$JpaWebConfiguration : spring.jpa.open-in-view is enabled by default. Therefore, database queries may be performed during view rendering. Explicitly configure spring.jpa.open-in-view to disable this warning
2025-12-01T14:54:00.376-03:00  INFO 22372 --- [restartedMain] com.site.AcrediteSeQuiserApplication     : Started AcrediteSeQuiserApplication in 5.055 seconds (process running for 5.534)
2025-12-01T14:54:18.229-03:00  INFO 22372 --- [http-nio-8080-exec-1] o.a.c.c.C.[Tomcat].[localhost].[/]       : Initializing Spring DispatcherServlet 'dispatcherServlet'
2025-12-01T15:08:56.741-03:00  INFO 22372 --- [SpringApplicationShutdownHook] com.zaxxer.hikari.HikariDataSource       : HikariPool-1 - Shutdown initiated...
2025-12-01T15:08:56.755-03:00  INFO 22372 --- [SpringApplicationShutdownHook] com.zaxxer.hikari.HikariDataSource       : HikariPool-1 - Shutdown completed.
2025-12-01T15:09:00.276-03:00  INFO 44028 --- [restartedMain] com.site.AcrediteSeQuiserApplication     : Starting AcrediteSeQuiserApplication using Java 24.0.1 with PID 44028 (C:\Users\celiors\IdeaProjects\acreditesequiser2\target\classes started by celiors in C:\Users\celiors\IdeaProjects\acreditesequiser2)
2025-12-01T15:09:00.278-03:00  INFO 44028 --- [restartedMain] com.site.AcrediteSeQuiserApplication     : No active profile set, falling back to 1 default profile: "default"
2025-12-01T15:09:02.023-03:00  INFO 44028 --- [restartedMain] o.apache.catalina.core.StandardService   : Starting service [Tomcat]
2025-12-01T15:09:02.024-03:00  INFO 44028 --- [restartedMain] o.apache.catalina.core.StandardEngine    : Starting Servlet engine: [Apache Tomcat/10.1.20]
2025-12-01T15:09:02.081-03:00  INFO 44028 --- [restartedMain] o.a.c.c.C.[Tomcat].[localhost].[/]       : Initializing Spring embedded WebApplicationContext
2025-12-01T15:09:02.669-03:00  INFO 44028 --- [restartedMain] com.zaxxer.hikari.HikariDataSource       : HikariPool-1 - Starting...
2025-12-01T15:09:02.787-03:00  INFO 44028 --- [restartedMain] com.zaxxer.hikari.pool.HikariPool        : HikariPool-1 - Added connection com.mysql.cj.jdbc.ConnectionImpl@5d57d06f
2025-12-01T15:09:02.788-03:00  INFO 44028 --- [restartedMain] com.zaxxer.hikari.HikariDataSource       : HikariPool-1 - Start completed.
2025-12-01T15:09:02.833-03:00  WARN 44028 --- [restartedMain] org.hibernate.orm.deprecation            : HHH90000025: MySQLDialect does not need to be specified explicitly using 'hibernate.dialect' (remove the property setting and it will be selected by default)
2025-12-01T15:09:04.126-03:00  WARN 44028 --- [restartedMain] JpaBaseConfiguration$JpaWebConfiguration : spring.jpa.open-in-view is enabled by default. Therefore, database queries may be performed during view rendering. Explicitly configure spring.jpa.open-in-view to disable this warning
2025-12-01T15:09:04.765-03:00  INFO 44028 --- [restartedMain] com.site.AcrediteSeQuiserApplication     : Started AcrediteSeQuiserApplication in 4.907 seconds (process running for 5.414)
2025-12-01T15:09:13.462-03:00  INFO 44028 --- [http-nio-8080-exec-1] o.a.c.c.C.[Tomcat].[localhost].[/]       : Initializing Spring DispatcherServlet 'dispatcherServlet'
2025-12-01T15:11:13.907-03:00  INFO 44028 --- [Thread-5] com.zaxxer.hikari.HikariDataSource       : HikariPool-1 - Shutdown initiated...
2025-12-01T15:11:13.916-03:00  INFO 44028 --- [Thread-5] com.zaxxer.hikari.HikariDataSource       : HikariPool-1 - Shutdown completed.
2025-12-01T15:11:14.027-03:00  INFO 44028 --- [restartedMain] com.site.AcrediteSeQuiserApplication     : Starting AcrediteSeQuiserApplication using Java 24.0.1 with PID 44028 (C:\Users\celiors\IdeaProjects\acreditesequiser2\target\classes started by celiors in C:\Users\celiors\IdeaProjects\acreditesequiser2)
2025-12-01T15:11:14.028-03:00  INFO 44028 --- [restartedMain] com.site.AcrediteSeQuiserApplication     : No active profile set, falling back to 1 default profile: "default"
2025-12-01T15:11:14.334-03:00  INFO 44028 --- [restartedMain] o.apache.catalina.core.StandardService   : Starting service [Tomcat]
2025-12-01T15:11:14.334-03:00  INFO 44028 --- [restartedMain] o.apache.catalina.core.StandardEngine    : Starting Servlet engine: [Apache Tomcat/10.1.20]
2025-12-01T15:11:14.374-03:00  INFO 44028 --- [restartedMain] o.a.c.c.C.[Tomcat].[localhost].[/]       : Initializing Spring embedded WebApplicationContext
2025-12-01T15:11:14.449-03:00  INFO 44028 --- [restartedMain] com.zaxxer.hikari.HikariDataSource       : HikariPool-2 - Starting...
2025-12-01T15:11:14.457-03:00  INFO 44028 --- [restartedMain] com.zaxxer.hikari.pool.HikariPool        : HikariPool-2 - Added connection com.mysql.cj.jdbc.ConnectionImpl@76287918
2025-12-01T15:11:14.458-03:00  INFO 44028 --- [restartedMain] com.zaxxer.hikari.HikariDataSource       : HikariPool-2 - Start completed.
2025-12-01T15:11:14.459-03:00  WARN 44028 --- [restartedMain] org.hibernate.orm.deprecation            : HHH90000025: MySQLDialect does not need to be specified explicitly using 'hibernate.dialect' (remove the property setting and it will be selected by default)
2025-12-01T15:11:14.542-03:00  WARN 44028 --- [restartedMain] JpaBaseConfiguration$JpaWebConfiguration : spring.jpa.open-in-view is enabled by default. Therefore, database queries may be performed during view rendering. Explicitly configure spring.jpa.open-in-view to disable this warning
2025-12-01T15:11:14.659-03:00  INFO 44028 --- [restartedMain] com.site.AcrediteSeQuiserApplication     : Started AcrediteSeQuiserApplication in 0.662 seconds (process running for 135.307)
2025-12-01T15:11:16.091-03:00  INFO 44028 --- [Thread-31] com.zaxxer.hikari.HikariDataSource       : HikariPool-2 - Shutdown initiated...
2025-12-01T15:11:16.095-03:00  INFO 44028 --- [Thread-31] com.zaxxer.hikari.HikariDataSource       : HikariPool-2 - Shutdown completed.
2025-12-01T15:11:16.156-03:00  INFO 44028 --- [restartedMain] com.site.AcrediteSeQuiserApplication     : Starting AcrediteSeQuiserApplication using Java 24.0.1 with PID 44028 (C:\Users\celiors\IdeaProjects\acreditesequiser2\target\classes started by celiors in C:\Users\celiors\IdeaProjects\acreditesequiser2)
2025-12-01T15:11:16.156-03:00  INFO 44028 --- [restartedMain] com.site.AcrediteSeQuiserApplication     : No active profile set, falling back to 1 default profile: "default"
2025-12-01T15:11:16.368-03:00  INFO 44028 --- [restartedMain] o.apache.catalina.core.StandardService   : Starting service [Tomcat]
2025-12-01T15:11:16.368-03:00  INFO 44028 --- [restartedMain] o.apache.catalina.core.StandardEngine    : Starting Servlet engine: [Apache Tomcat/10.1.20]
2025-12-01T15:11:16.389-03:00  INFO 44028 --- [restartedMain] o.a.c.c.C.[Tomcat].[localhost].[/]       : Initializing Spring embedded WebApplicationContext
2025-12-01T15:11:16.416-03:00  INFO 44028 --- [restartedMain] com.zaxxer.hikari.HikariDataSource       : HikariPool-3 - Starting...
2025-12-01T15:11:16.421-03:00  INFO 44028 --- [restartedMain] com.zaxxer.hikari.pool.HikariPool        : HikariPool-3 - Added connection com.mysql.cj.jdbc.ConnectionImpl@25b4e4d
2025-12-01T15:11:16.422-03:00  INFO 44028 --- [restartedMain] com.zaxxer.hikari.HikariDataSource       : HikariPool-3 - Start completed.
2025-12-01T15:11:16.423-03:00  WARN 44028 --- [restartedMain] org.hibernate.orm.deprecation            : HHH90000025: MySQLDialect does not need to be specified explicitly using 'hibernate.dialect' (remove the property setting and it will be selected by default)
2025-12-01T15:11:16.573-03:00  WARN 44028 --- [restartedMain] JpaBaseConfiguration$JpaWebConfiguration : spring.jpa.open-in-view is enabled by default. Therefore, database queries may be performed during view rendering. Explicitly configure spring.jpa.open-in-view to disable this warning
2025-12-01T15:11:16.659-03:00  INFO 44028 --- [restartedMain] com.site.AcrediteSeQuiserApplication     : Started AcrediteSeQuiserApplication in 0.522 seconds (process running for 137.307)
2025-12-01T15:11:18.197-03:00  INFO 44028 --- [http-nio-8080-exec-1] o.a.c.c.C.[Tomcat].[localhost].[/]       : Initializing Spring DispatcherServlet 'dispatcherServlet'
2025-12-01T16:39:28.920-03:00  INFO 44028 --- [SpringApplicationShutdownHook] com.zaxxer.hikari.HikariDataSource       : HikariPool-3 - Shutdown initiated...
2025-12-01T16:39:28.932-03:00  INFO 44028 --- [SpringApplicationShutdownHook] com.zaxxer.hikari.HikariDataSource       : HikariPool-3 - Shutdown completed.
2025-12-01T16:39:32.362-03:00  INFO 38356 --- [restartedMain] com.site.AcrediteSeQuiserApplication     : Starting AcrediteSeQuiserApplication using Java 24.0.1 with PID 38356 (C:\Users\celiors\IdeaProjects\acreditesequiser2\target\classes started by celiors in C:\Users\celiors\IdeaProjects\acreditesequiser2)
2025-12-01T16:39:32.363-03:00  INFO 38356 --- [restartedMain] com.site.AcrediteSeQuiserApplication     : No active profile set, falling back to 1 default profile: "default"
2025-12-01T16:39:34.062-03:00  INFO 38356 --- [restartedMain] o.apache.catalina.core.StandardService   : Starting service [Tomcat]
2025-12-01T16:39:34.063-03:00  INFO 38356 --- [restartedMain] o.apache.catalina.core.StandardEngine    : Starting Servlet engine: [Apache Tomcat/10.1.20]
2025-12-01T16:39:34.115-03:00  INFO 38356 --- [restartedMain] o.a.c.c.C.[Tomcat].[localhost].[/]       : Initializing Spring embedded WebApplicationContext
2025-12-01T16:39:34.665-03:00  INFO 38356 --- [restartedMain] com.zaxxer.hikari.HikariDataSource       : HikariPool-1 - Starting...
2025-12-01T16:39:34.797-03:00  INFO 38356 --- [restartedMain] com.zaxxer.hikari.pool.HikariPool        : HikariPool-1 - Added connection com.mysql.cj.jdbc.ConnectionImpl@422f24b6
2025-12-01T16:39:34.798-03:00  INFO 38356 --- [restartedMain] com.zaxxer.hikari.HikariDataSource       : HikariPool-1 - Start completed.
2025-12-01T16:39:34.861-03:00  WARN 38356 --- [restartedMain] org.hibernate.orm.deprecation            : HHH90000025: MySQLDialect does not need to be specified explicitly using 'hibernate.dialect' (remove the property setting and it will be selected by default)
2025-12-01T16:39:36.156-03:00  WARN 38356 --- [restartedMain] JpaBaseConfiguration$JpaWebConfiguration : spring.jpa.open-in-view is enabled by default. Therefore, database queries may be performed during view rendering. Explicitly configure spring.jpa.open-in-view to disable this warning
2025-12-01T16:39:36.962-03:00  INFO 38356 --- [restartedMain] com.site.AcrediteSeQuiserApplication     : Started AcrediteSeQuiserApplication in 4.999 seconds (process running for 5.465)
2025-12-01T16:39:41.212-03:00  INFO 38356 --- [http-nio-8080-exec-1] o.a.c.c.C.[Tomcat].[localhost].[/]       : Initializing Spring DispatcherServlet 'dispatcherServlet'
2025-12-01T16:40:44.398-03:00  INFO 38356 --- [SpringApplicationShutdownHook] com.zaxxer.hikari.HikariDataSource       : HikariPool-1 - Shutdown initiated...
2025-12-01T16:40:44.409-03:00  INFO 38356 --- [SpringApplicationShutdownHook] com.zaxxer.hikari.HikariDataSource       : HikariPool-1 - Shutdown completed.
2025-12-01T16:40:46.572-03:00  INFO 33356 --- [restartedMain] com.site.AcrediteSeQuiserApplication     : Starting AcrediteSeQuiserApplication using Java 24.0.1 with PID 33356 (C:\Users\celiors\IdeaProjects\acreditesequiser2\target\classes started by celiors in C:\Users\celiors\IdeaProjects\acreditesequiser2)
2025-12-01T16:40:46.575-03:00  INFO 33356 --- [restartedMain] com.site.AcrediteSeQuiserApplication     : No active profile set, falling back to 1 default profile: "default"
2025-12-01T16:40:48.328-03:00  INFO 33356 --- [restartedMain] o.apache.catalina.core.StandardService   : Starting service [Tomcat]
2025-12-01T16:40:48.329-03:00  INFO 33356 --- [restartedMain] o.apache.catalina.core.StandardEngine    : Starting Servlet engine: [Apache Tomcat/10.1.20]
2025-12-01T16:40:48.381-03:00  INFO 33356 --- [restartedMain] o.a.c.c.C.[Tomcat].[localhost].[/]       : Initializing Spring embedded WebApplicationContext
2025-12-01T16:40:48.943-03:00  INFO 33356 --- [restartedMain] com.zaxxer.hikari.HikariDataSource       : HikariPool-1 - Starting...
2025-12-01T16:40:49.052-03:00  INFO 33356 --- [restartedMain] com.zaxxer.hikari.pool.HikariPool        : HikariPool-1 - Added connection com.mysql.cj.jdbc.ConnectionImpl@520e06fb
2025-12-01T16:40:49.054-03:00  INFO 33356 --- [restartedMain] com.zaxxer.hikari.HikariDataSource       : HikariPool-1 - Start completed.
2025-12-01T16:40:49.092-03:00  WARN 33356 --- [restartedMain] org.hibernate.orm.deprecation            : HHH90000025: MySQLDialect does not need to be specified explicitly using 'hibernate.dialect' (remove the property setting and it will be selected by default)
2025-12-01T16:40:50.289-03:00  WARN 33356 --- [restartedMain] JpaBaseConfiguration$JpaWebConfiguration : spring.jpa.open-in-view is enabled by default. Therefore, database queries may be performed during view rendering. Explicitly configure spring.jpa.open-in-view to disable this warning
2025-12-01T16:40:50.956-03:00  INFO 33356 --- [restartedMain] com.site.AcrediteSeQuiserApplication     : Started AcrediteSeQuiserApplication in 4.784 seconds (process running for 5.269)
